2026-06-10 13:59:43,309 - camera_manager - INFO - Starting camera c3
2026-06-10 13:59:43,309 - camera_manager - INFO - Opening Video Path : D:\DataScience Projects\ComputerVision\videos\v3.mp4
2026-06-10 13:59:43,309 - camera_manager - INFO - Starting camera c4
2026-06-10 13:59:43,309 - camera_manager - INFO - Opening Video Path : D:\DataScience Projects\ComputerVision\videos\v4.mp4
2026-06-10 13:59:43,711 - camera_manager - INFO - Sending frame from c3
2026-06-10 13:59:43,758 - camera_manager - INFO - Sending frame from c4
2026-06-10 13:59:43,807 - camera_manager - INFO - Sending frame from c4
2026-06-10 13:59:43,813 - camera_manager - INFO - Sending frame from c3
2026-06-10 13:59:43,935 - camera_manager - INFO - Sending frame from c4
2026-06-10 13:59:43,953 - camera_manager - INFO - Sending frame from c3
2026-06-10 13:59:44,050 - camera_manager - INFO - Sending frame from c4
2026-06-10 13:59:44,086 - camera_manager - INFO - Sending frame from c3
2026-06-10 13:59:44,209 - camera_manager - INFO - Sending frame from c4
2026-06-10 13:59:44,223 - camera_manager - INFO - Sending frame from c3
2026-06-10 13:59:44,358 - camera_manager - INFO - Sending frame from c3
2026-06-10 13:59:44,368 - camera_manager - INFO - Sending frame from c4
2026-06-10 13:59:44,493 - camera_manager - INFO - Sending frame from c3
2026-06-10 13:59:44,502 - camera_manager - INFO - Sending frame from c4
2026-06-10 13:59:44,623 - camera_manager - INFO - Sending frame from c3
2026-06-10 13:59:44,633 - camera_manager - INFO - Sending frame from c4
2026-06-10 13:59:44,755 - camera_manager - INFO - Sending frame from c3
2026-06-10 13:59:44,766 - camera_manager - INFO - Sending frame from c4
2026-06-10 13:59:44,891 - camera_manager - INFO - Sending frame from c3
2026-06-10 13:59:44,900 - camera_manager - INFO - Sending frame from c4
2026-06-10 13:59:45,023 - camera_manager - INFO - Sending frame from c3
2026-06-10 13:59:45,034 - camera_manager - INFO - Sending frame from c4
2026-06-10 13:59:45,160 - camera_manager - INFO - Sending frame from c4
2026-06-10 13:59:45,164 - camera_manager - INFO - Sending frame from c3
2026-06-10 13:59:45,297 - camera_manager - INFO - Sending frame from c4
2026-06-10 13:59:45,303 - camera_manager - INFO - Sending frame from c3
2026-06-10 13:59:45,475 - camera_manager - INFO - Sending frame from c3
2026-06-10 13:59:45,492 - camera_manager - INFO - Sending frame from c1
2026-06-10 13:59:45,566 - camera_manager - INFO - Sending frame from c4
2026-06-10 13:59:45,569 - camera_manager - INFO - Sending frame from c3
2026-06-10 13:59:45,703 - camera_manager - INFO - Sending frame from c4
2026-06-10 13:59:45,703 - camera_manager - INFO - Sending frame from c3
2026-06-10 13:59:45,835 - camera_manager - INFO - Sending frame from c4
2026-06-10 13:59:45,839 - camera_manager - INFO - Sending frame from c3
2026-06-10 13:59:45,974 - camera_manager - INFO - Sending frame from c3
2026-06-10 13:59:45,974 - camera_manager - INFO - Sending frame from c4
2026-06-10 13:59:46,117 - camera_manager - INFO - Sending frame from c3
2026-06-10 13:59:46,117 - camera_manager - INFO - Sending frame from c4
2026-06-10 13:59:46,252 - camera_manager - INFO - Sending frame from c3
2026-06-10 13:59:46,252 - camera_manager - INFO - Sending frame from c4
2026-06-10 13:59:46,252 - camera_manager - INFO - c3 sent 20 frames
2026-06-10 13:59:46,252 - camera_manager - INFO - c4 sent 20 frames
2026-06-10 13:59:46,378 - camera_manager - INFO - Sending frame from c4
2026-06-10 13:59:46,378 - camera_manager - INFO - Sending frame from c3
2026-06-10 13:59:46,532 - camera_manager - INFO - Sending frame from c3
2026-06-10 13:59:46,545 - camera_manager - INFO - Sending frame from c1
2026-06-10 13:59:46,641 - camera_manager - INFO - Sending frame from c4
2026-06-10 13:59:46,669 - camera_manager - INFO - Sending frame from c1
2026-06-10 13:59:46,767 - camera_manager - INFO - Sending frame from c4
2026-06-10 13:59:46,803 - camera_manager - INFO - Sending frame from c1
2026-06-10 13:59:46,903 - camera_manager - INFO - Sending frame from c4
2026-06-10 13:59:46,940 - camera_manager - INFO - Sending frame from c1
2026-06-10 13:59:47,045 - camera_manager - INFO - Sending frame from c4
2026-06-10 13:59:47,097 - camera_manager - INFO - Sending frame from c1
2026-06-10 13:59:47,186 - camera_manager - INFO - Sending frame from c4
2026-06-10 13:59:47,251 - camera_manager - INFO - Sending frame from c1
2026-06-10 13:59:47,329 - camera_manager - INFO - Sending frame from c4
2026-06-10 13:59:47,370 - camera_manager - INFO - Sending frame from c1
2026-06-10 13:59:47,456 - camera_manager - INFO - Sending frame from c4
2026-06-10 13:59:47,516 - camera_manager - INFO - Sending frame from c1
2026-06-10 13:59:47,601 - camera_manager - INFO - Sending frame from c4
2026-06-10 13:59:47,717 - camera_manager - INFO - Sending frame from c1
2026-06-10 13:59:47,797 - camera_manager - INFO - Sending frame from c3
2026-06-10 13:59:47,844 - camera_manager - INFO - Sending frame from c1
2026-06-10 13:59:47,884 - camera_manager - INFO - Sending frame from c4
2026-06-10 13:59:47,924 - camera_manager - INFO - Sending frame from c1
2026-06-10 13:59:48,042 - camera_manager - INFO - Sending frame from c4
2026-06-10 13:59:48,065 - camera_manager - INFO - Sending frame from c1
2026-06-10 13:59:48,179 - camera_manager - INFO - Sending frame from c3
2026-06-10 13:59:48,216 - camera_manager - INFO - Sending frame from c1
2026-06-10 13:59:48,303 - camera_manager - INFO - Sending frame from c3
2026-06-10 13:59:48,353 - camera_manager - INFO - Sending frame from c1
2026-06-10 13:59:48,440 - camera_manager - INFO - Sending frame from c3
2026-06-10 13:59:48,507 - camera_manager - INFO - Sending frame from c1
2026-06-10 13:59:48,573 - camera_manager - INFO - Sending frame from c3
2026-06-10 13:59:48,648 - camera_manager - INFO - Sending frame from c1
2026-06-10 13:59:48,701 - camera_manager - INFO - Sending frame from c3
2026-06-10 13:59:48,799 - camera_manager - INFO - Sending frame from c2
2026-06-10 13:59:48,837 - camera_manager - INFO - Sending frame from c3
2026-06-10 13:59:48,933 - camera_manager - INFO - Sending frame from c2
2026-06-10 13:59:48,999 - camera_manager - INFO - Sending frame from c3
2026-06-10 13:59:48,999 - camera_manager - INFO - c3 sent 40 frames
2026-06-10 13:59:49,062 - camera_manager - INFO - Sending frame from c2
2026-06-10 13:59:49,090 - camera_manager - INFO - Sending frame from 2026-06-10 13:59:49,134 - camera_manager - INFO - Sending frame from c3
2026-06-10 13:59:49,197 - camera_manager - INFO - Sending frame from c2
2026-06-10 13:59:49,252 - camera_manager - INFO - Sending frame from c3
2026-06-10 13:59:49,327 - camera_manager - INFO - Sending frame from c2
2026-06-10 13:59:49,377 - camera_manager - INFO - Sending frame from c3
2026-06-10 13:59:49,477 - camera_manager - INFO - Sending frame from c2
2026-06-10 13:59:49,675 - camera_manager - INFO - Sending frame from c3
2026-06-10 13:59:49,722 - camera_manager - INFO - Sending frame from c4
2026-06-10 13:59:49,809 - camera_manager - INFO - Sending frame from c3
2026-06-10 13:59:49,854 - camera_manager - INFO - Sending frame from c4
2026-06-10 13:59:49,944 - camera_manager - INFO - Sending frame from c3
2026-06-10 13:59:49,975 - camera_manager - INFO - Sending frame from c4
2026-06-10 13:59:50,079 - camera_manager - INFO - Sending frame from c3
2026-06-10 13:59:50,113 - camera_manager - INFO - Sending frame from c4
2026-06-10 13:59:50,227 - camera_manager - INFO - Sending frame from c3
2026-06-10 13:59:50,262 - camera_manager - INFO - Sending frame from c4
2026-06-10 13:59:50,370 - camera_manager - INFO - Sending frame from c3
2026-06-10 13:59:50,378 - camera_manager - INFO - Sending frame from c4
2026-06-10 13:59:50,505 - camera_manager - INFO - Sending frame from c3
2026-06-10 13:59:50,519 - camera_manager - INFO - Sending frame from c4
2026-06-10 13:59:50,638 - camera_manager - INFO - Sending frame from c3
2026-06-10 13:59:50,649 - camera_manager - INFO - Sending frame from c4
2026-06-10 13:59:50,780 - camera_manager - INFO - Sending frame from c3
2026-06-10 13:59:50,787 - camera_manager - INFO - Sending frame from c4
2026-06-10 13:59:50,918 - camera_manager - INFO - Sending frame from c3
2026-06-10 13:59:50,935 - camera_manager - INFO - Sending frame from c4
2026-06-10 13:59:51,059 - camera_manager - INFO - Sending frame from c3
2026-06-10 13:59:51,075 - camera_manager - INFO - Sending frame from c4
2026-06-10 13:59:51,200 - camera_manager - INFO - Sending frame from c3
2026-06-10 13:59:51,209 - camera_manager - INFO - Sending frame from c4
2026-06-10 13:59:51,331 - camera_manager - INFO - Sending frame from c3
2026-06-10 13:59:51,350 - camera_manager - INFO - Sending frame from c4
2026-06-10 13:59:51,491 - camera_manager - INFO - Sending frame from c3
2026-06-10 13:59:51,593 - camera_manager - INFO - Sending frame from c4
2026-06-10 13:59:51,625 - camera_manager - INFO - Sending frame from c3
2026-06-10 13:59:51,692 - camera_manager - INFO - Sending frame from c4
2026-06-10 13:59:51,739 - camera_manager - INFO - Sending frame from c3
2026-06-10 13:59:51,799 - camera_manager - INFO - Sending frame from c4
2026-06-10 13:59:51,869 - camera_manager - INFO - Sending frame from c3
2026-06-10 13:59:51,870 - camera_manager - INFO - c3 sent 60 frames
2026-06-10 13:59:51,931 - camera_manager - INFO - Sending frame from c4
2026-06-10 13:59:51,933 - camera_manager - INFO - c4 sent 60 frames
2026-06-10 13:59:51,997 - camera_manager - INFO - Sending frame from c3
2026-06-10 13:59:52,058 - camera_manager - INFO - Sending frame from c4
2026-06-10 13:59:52,134 - camera_manager - INFO - Sending frame from c3
2026-06-10 13:59:52,193 - camera_manager - INFO - Sending frame from c4
2026-06-10 13:59:52,269 - camera_manager - INFO - Sending frame from c3
2026-06-10 13:59:52,332 - camera_manager - INFO - Sending frame from c4
2026-06-10 13:59:52,398 - camera_manager - INFO - Sending frame from c3
2026-06-10 13:59:52,476 - camera_manager - INFO - Sending frame from c4
2026-06-10 13:59:52,537 - camera_manager - INFO - Sending frame from c3
2026-06-10 13:59:52,605 - camera_manager - INFO - Sending frame from c4
2026-06-10 13:59:52,706 - camera_manager - INFO - Sending frame from c3
2026-06-10 13:59:52,732 - camera_manager - INFO - Sending frame from c4
2026-06-10 13:59:52,802 - camera_manager - INFO - Sending frame from c3
2026-06-10 13:59:52,863 - camera_manager - INFO - Sending frame from c4
2026-06-10 13:59:52,938 - camera_manager - INFO - Sending frame from c3
2026-06-10 13:59:53,053 - camera_manager - INFO - Sending frame from c4
2026-06-10 13:59:53,068 - camera_manager - INFO - Sending frame from c3
2026-06-10 13:59:53,142 - camera_manager - INFO - Sending frame from c4
2026-06-10 13:59:53,194 - camera_manager - INFO - Sending frame from c3
2026-06-10 13:59:53,269 - camera_manager - INFO - Sending frame from c4
2026-06-10 13:59:53,321 - camera_manager - INFO - Sending frame from c3
2026-06-10 13:59:53,411 - camera_manager - INFO - Sending frame from c4
2026-06-10 13:59:53,461 - camera_manager - INFO - Sending frame from c3
2026-06-10 13:59:53,548 - camera_manager - INFO - Sending frame from c4
2026-06-10 13:59:53,601 - camera_manager - INFO - Sending frame from c3
2026-06-10 13:59:53,682 - camera_manager - INFO - Sending frame from c4
2026-06-10 13:59:53,741 - camera_manager - INFO - Sending frame from c3
2026-06-10 13:59:53,819 - camera_manager - INFO - Sending frame from c4
2026-06-10 13:59:53,883 - camera_manager - INFO - Sending frame from c3
2026-06-10 13:59:53,940 - camera_manager - INFO - Sending frame from c4
2026-06-10 13:59:54,026 - camera_manager - INFO - Sending frame from c3
2026-06-10 13:59:54,152 - camera_manager - INFO - Sending frame from c4
2026-06-10 13:59:54,196 - camera_manager - INFO - Sending frame from c3
2026-06-10 13:59:54,257 - camera_manager - INFO - Sending frame from c4
2026-06-10 13:59:54,303 - camera_manager - INFO - Sending frame from c3
2026-06-10 13:59:54,366 - camera_manager - INFO - Sending frame from c4
2026-06-10 13:59:54,447 - camera_manager - INFO - Sending frame from c3
2026-06-10 13:59:54,523 - camera_manager - INFO - Sending frame from c4
2026-06-10 13:59:54,587 - camera_manager - INFO - Sending frame from c3
2026-06-10 13:59:54,588 - camera_manager - INFO - c3 sent 80 frames
2026-06-10 13:59:54,664 - camera_manager - INFO - Sending frame from c4
2026-06-10 13:59:54,664 - camera_manager - INFO - c4 sent 80 frames
2026-06-10 13:59:54,716 - camera_manager - INFO - Sending frame from c3
2026-06-10 13:59:54,798 - camera_manager - INFO - Sending frame from c4
2026-06-10 13:59:54,849 - camera_manager - INFO - Sending frame from c3
2026-06-10 13:59:54,924 - camera_manager - INFO - Sending frame from c4
2026-06-10 13:59:54,984 - camera_manager - INFO - Sending frame from c3
2026-06-10 13:59:55,072 - camera_manager - INFO - Sending frame from c4
2026-06-10 13:59:55,112 - camera_manager - INFO - Sending frame from c3
2026-06-10 13:59:55,231 - camera_manager - INFO - Sending frame from c4
2026-06-10 13:59:55,282 - camera_manager - INFO - Sending frame from c3
2026-06-10 13:59:55,344 - camera_manager - INFO - Sending frame from c4
2026-06-10 13:59:55,373 - camera_manager - INFO - Sending frame from c3
2026-06-10 13:59:55,527 - camera_manager - INFO - Sending frame from c3
2026-06-10 13:59:55,527 - camera_manager - INFO - Sending frame from c4
2026-06-10 13:59:55,613 - camera_manager - INFO - Sending frame from c4
2026-06-10 13:59:55,652 - camera_manager - INFO - Sending frame from c3
2026-06-10 13:59:55,764 - camera_manager - INFO - Sending frame from c4
2026-06-10 13:59:55,790 - camera_manager - INFO - Sending frame from c3
2026-06-10 13:59:55,898 - camera_manager - INFO - Sending frame from c4
2026-06-10 13:59:55,913 - camera_manager - INFO - Sending frame from c3
2026-06-10 13:59:56,037 - camera_manager - INFO - Sending frame from c4
2026-06-10 13:59:56,051 - camera_manager - INFO - Sending frame from c3
2026-06-10 13:59:56,178 - camera_manager - INFO - Sending frame from c4
2026-06-10 13:59:56,192 - camera_manager - INFO - Sending frame from c3
2026-06-10 13:59:56,317 - camera_manager - INFO - Sending frame from c4
2026-06-10 13:59:56,341 - camera_manager - INFO - Sending frame from c3
2026-06-10 13:59:56,469 - camera_manager - INFO - Sending frame from c4
2026-06-10 13:59:56,483 - camera_manager - INFO - Sending frame from c3
2026-06-10 13:59:56,642 - camera_manager - INFO - Sending frame from c3
2026-06-10 13:59:56,651 - camera_manager - INFO - Sending frame from c4
2026-06-10 13:59:56,726 - camera_manager - INFO - Sending frame from c4
2026-06-10 13:59:56,741 - camera_manager - INFO - Sending frame from c3
2026-06-10 13:59:56,864 - camera_manager - INFO - Sending frame from c4
2026-06-10 13:59:56,879 - camera_manager - INFO - Sending frame from c3
2026-06-10 13:59:57,005 - camera_manager - INFO - Sending frame from c4
2026-06-10 13:59:57,021 - camera_manager - INFO - Sending frame from c3
2026-06-10 13:59:57,147 - camera_manager - INFO - Sending frame from c4
2026-06-10 13:59:57,148 - camera_manager - INFO - Sending frame from c3
2026-06-10 13:59:57,288 - camera_manager - INFO - Sending frame from c4
2026-06-10 13:59:57,288 - camera_manager - INFO - Sending frame from c3
2026-06-10 13:59:57,288 - camera_manager - INFO - c3 sent 100 frames
2026-06-10 13:59:57,427 - camera_manager - INFO - Sending frame from c3
2026-06-10 13:59:57,427 - camera_manager - INFO - Sending frame from c4
2026-06-10 13:59:57,427 - camera_manager - INFO - c4 sent 100 frames
2026-06-10 13:59:57,573 - camera_manager - INFO - Sending frame from c3
2026-06-10 13:59:57,587 - camera_manager - INFO - Sending frame from c1
2026-06-10 13:59:57,723 - camera_manager - INFO - Sending frame from c3
2026-06-10 13:59:57,732 - camera_manager - INFO - Sending frame from c4
2026-06-10 13:59:57,836 - camera_manager - INFO - Sending frame from c4
2026-06-10 13:59:57,852 - camera_manager - INFO - Sending frame from c3
2026-06-10 13:59:57,962 - camera_manager - INFO - Sending frame from c4
2026-06-10 13:59:57,978 - camera_manager - INFO - Sending frame from c3
2026-06-10 13:59:58,096 - camera_manager - INFO - Sending frame from c4
2026-06-10 13:59:58,116 - camera_manager - INFO - Sending frame from c3
2026-06-10 13:59:58,246 - camera_manager - INFO - Sending frame from c3
2026-06-10 13:59:58,246 - camera_manager - INFO - Sending frame from c4
2026-06-10 13:59:58,368 - camera_manager - INFO - Sending frame from c4
2026-06-10 13:59:58,385 - camera_manager - INFO - Sending frame from c3
2026-06-10 13:59:58,489 - camera_manager - INFO - Sending frame from c4
2026-06-10 13:59:58,533 - camera_manager - INFO - Sending frame from c3
2026-06-10 13:59:58,624 - camera_manager - INFO - Sending frame from c4
2026-06-10 13:59:58,687 - camera_manager - INFO - Sending frame from c3
2026-06-10 13:59:58,769 - camera_manager - INFO - Sending frame from c4
2026-06-10 13:59:58,818 - camera_manager - INFO - Sending frame from c3
2026-06-10 13:59:58,894 - camera_manager - INFO - Sending frame from c4
2026-06-10 13:59:58,960 - camera_manager - INFO - Sending frame from c3
2026-06-10 13:59:59,032 - camera_manager - INFO - Sending frame from c4
2026-06-10 13:59:59,096 - camera_manager - INFO - Sending frame from c3
2026-06-10 13:59:59,170 - camera_manager - INFO - Sending frame from c4
2026-06-10 13:59:59,261 - camera_manager - INFO - Sending frame from c3
2026-06-10 13:59:59,334 - camera_manager - INFO - Sending frame from c2
2026-06-10 13:59:59,411 - camera_manager - INFO - Sending frame from c3
2026-06-10 13:59:59,442 - camera_manager - INFO - Sending frame from c2
2026-06-10 13:59:59,522 - camera_manager - INFO - Sending frame from c3
2026-06-10 13:59:59,581 - camera_manager - INFO - Sending frame from c2
2026-06-10 13:59:59,647 - camera_manager - INFO - Sending frame from c3
2026-06-10 13:59:59,715 - camera_manager - INFO - Sending frame from c2
2026-06-10 13:59:59,782 - camera_manager - INFO - Sending frame from c3
2026-06-10 13:59:59,845 - camera_manager - INFO - Sending frame from c2
2026-06-10 13:59:59,913 - camera_manager - INFO - Sending frame from c1
2026-06-10 13:59:59,993 - camera_manager - INFO - Sending frame from c4
2026-06-10 14:00:00,049 - camera_manager - INFO - Sending frame from c3
2026-06-10 14:00:00,049 - camera_manager - INFO - c3 sent 120 frames
2026-06-10 14:00:00,133 - camera_manager - INFO - Sending frame from c4
2026-06-10 14:00:00,184 - camera_manager - INFO - Sending frame from c2026-06-10 14:00:00,194 - camera_manager - INFO - Sending frame from c3
2026-06-10 14:00:00,258 - camera_manager - INFO - Sending frame from c4
2026-06-10 14:00:00,347 - camera_manager - INFO - Sending frame from c3
2026-06-10 14:00:00,409 - camera_manager - INFO - Sending frame from c4
2026-06-10 14:00:00,487 - camera_manager - INFO - Sending frame from c1
2026-06-10 14:00:00,569 - camera_manager - INFO - Sending frame from c4
2026-06-10 14:00:00,630 - camera_manager - INFO - Sending frame from c1
2026-06-10 14:00:00,672 - camera_manager - INFO - Sending frame from c4
2026-06-10 14:00:00,744 - camera_manager - INFO - Sending frame from c3
2026-06-10 14:00:00,807 - camera_manager - INFO - Sending frame from c4
2026-06-10 14:00:00,892 - camera_manager - INFO - Sending frame from c1
2026-06-10 14:00:00,941 - camera_manager - INFO - Sending frame from c4
2026-06-10 14:00:01,018 - camera_manager - INFO - Sending frame from c1
2026-06-10 14:00:01,091 - camera_manager - INFO - Sending frame from c4
2026-06-10 14:00:01,169 - camera_manager - INFO - Sending frame from c1
2026-06-10 14:00:01,228 - camera_manager - INFO - Sending frame from c4
2026-06-10 14:00:01,290 - camera_manager - INFO - Sending frame from c3
2026-06-10 14:00:01,347 - camera_manager - INFO - Sending frame from c4
2026-06-10 14:00:01,428 - camera_manager - INFO - Sending frame from c3
2026-06-10 14:00:01,500 - camera_manager - INFO - Sending frame from c4
2026-06-10 14:00:01,577 - camera_manager - INFO - Sending frame from c1
2026-06-10 14:00:01,671 - camera_manager - INFO - Sending frame from c4
2026-06-10 14:00:01,721 - camera_manager - INFO - Sending frame from c1
2026-06-10 14:00:01,815 - camera_manager - INFO - Sending frame from c4
2026-06-10 14:00:01,857 - camera_manager - INFO - Sending frame from c1
2026-06-10 14:00:01,909 - camera_manager - INFO - Sending frame from c4
2026-06-10 14:00:01,985 - camera_manager - INFO - Sending frame from c1
2026-06-10 14:00:02,060 - camera_manager - INFO - Sending frame from c4
2026-06-10 14:00:02,120 - camera_manager - INFO - Sending frame from c1
2026-06-10 14:00:02,189 - camera_manager - INFO - Sending frame from c4
2026-06-10 14:00:02,283 - camera_manager - INFO - Sending frame from c1
2026-06-10 14:00:02,354 - camera_manager - INFO - Sending frame from c4
2026-06-10 14:00:02,409 - camera_manager - INFO - Sending frame from c1
2026-06-10 14:00:02,487 - camera_manager - INFO - Sending frame from c4
2026-06-10 14:00:02,548 - camera_manager - INFO - Sending frame from c1
2026-06-10 14:00:02,625 - camera_manager - INFO - Sending frame from c4
2026-06-10 14:00:02,678 - camera_manager - INFO - Sending frame from c1
2026-06-10 14:00:02,755 - camera_manager - INFO - Sending frame from c4
2026-06-10 14:00:02,795 - camera_manager - INFO - Sending frame from c2026-06-10 14:00:02,837 - camera_manager - INFO - Sending frame from c1
2026-06-10 14:00:02,887 - camera_manager - INFO - Sending frame from c4
2026-06-10 14:00:03,023 - camera_manager - INFO - Sending frame from c2
2026-06-10 14:00:03,025 - camera_manager - INFO - Sending frame from c2026-06-10 14:00:03,074 - camera_manager - INFO - Sending frame from c4
2026-06-10 14:00:03,095 - camera_manager - INFO - Sending frame from c1
2026-06-10 14:00:03,156 - camera_manager - INFO - Sending frame from c4
2026-06-10 14:00:03,247 - camera_manager - INFO - Sending frame from c1
2026-06-10 14:00:03,296 - camera_manager - INFO - Sending frame from c4
2026-06-10 14:00:03,389 - camera_manager - INFO - Sending frame from c1
2026-06-10 14:00:03,440 - camera_manager - INFO - Sending frame from c4
2026-06-10 14:00:03,533 - camera_manager - INFO - Sending frame from c1
2026-06-10 14:00:03,579 - camera_manager - INFO - Sending frame from c4
2026-06-10 14:00:03,671 - camera_manager - INFO - Sending frame from c1
2026-06-10 14:00:03,709 - camera_manager - INFO - Sending frame from c4
2026-06-10 14:00:03,807 - camera_manager - INFO - Sending frame from c1
2026-06-10 14:00:03,841 - camera_manager - INFO - Sending frame from c4
2026-06-10 14:00:03,936 - camera_manager - INFO - Sending frame from c1
2026-06-10 14:00:03,971 - camera_manager - INFO - Sending frame from c4
2026-06-10 14:00:04,059 - camera_manager - INFO - Sending frame from c1
2026-06-10 14:00:04,128 - camera_manager - INFO - Sending frame from c4
2026-06-10 14:00:04,250 - camera_manager - INFO - Sending frame from c2
2026-06-10 14:00:04,308 - camera_manager - INFO - Sending frame from c3
2026-06-10 14:00:04,329 - camera_manager - INFO - Sending frame from c1
2026-06-10 14:00:04,377 - camera_manager - INFO - Sending frame from c4
2026-06-10 14:00:04,469 - camera_manager - INFO - Sending frame from c1
2026-06-10 14:00:04,518 - camera_manager - INFO - Sending frame from c4
2026-06-10 14:00:04,600 - camera_manager - INFO - Sending frame from c1
2026-06-10 14:00:04,684 - camera_manager - INFO - Sending frame from c4
2026-06-10 14:00:04,728 - camera_manager - INFO - Sending frame from c1
2026-06-10 14:00:04,796 - camera_manager - INFO - Sending frame from c4
2026-06-10 14:00:04,860 - camera_manager - INFO - Sending frame from c1
2026-06-10 14:00:04,955 - camera_manager - INFO - Sending frame from c4
2026-06-10 14:00:04,994 - camera_manager - INFO - Sending frame from c1
2026-06-10 14:00:05,088 - camera_manager - INFO - Sending frame from c4
2026-06-10 14:00:05,121 - camera_manager - INFO - Sending frame from c1
2026-06-10 14:00:05,215 - camera_manager - INFO - Sending frame from c4
2026-06-10 14:00:05,265 - camera_manager - INFO - Sending frame from c1
2026-06-10 14:00:05,392 - camera_manager - INFO - Sending frame from c3
2026-06-10 14:00:05,477 - camera_manager - INFO - Sending frame from c1
2026-06-10 14:00:05,565 - camera_manager - INFO - Sending frame from c3
2026-06-10 14:00:05,565 - camera_manager - INFO - c3 sent 160 frames
2026-06-10 14:00:05,653 - camera_manager - INFO - Sending frame from c2
2026-06-10 14:00:05,700 - camera_manager - INFO - Sending frame from c3
2026-06-10 14:00:05,747 - camera_manager - INFO - Sending frame from c4
2026-06-10 14:00:05,748 - camera_manager - INFO - c4 sent 160 frames
2026-06-10 14:00:05,821 - camera_manager - INFO - Sending frame from c3
2026-06-10 14:00:05,849 - camera_manager - INFO - Sending frame from c1
2026-06-10 14:00:05,942 - camera_manager - INFO - Sending frame from c4
2026-06-10 14:00:05,970 - camera_manager - INFO - Sending frame from c1
2026-06-10 14:00:06,086 - camera_manager - INFO - Sending frame from c4
2026-06-10 14:00:06,119 - camera_manager - INFO - Sending frame from c1
2026-06-10 14:00:06,221 - camera_manager - INFO - Sending frame from c3
2026-06-10 14:00:06,253 - camera_manager - INFO - Sending frame from c1
2026-06-10 14:00:06,351 - camera_manager - INFO - Sending frame from c3
2026-06-10 14:00:06,388 - camera_manager - INFO - Sending frame from c1
2026-06-10 14:00:06,492 - camera_manager - INFO - Sending frame from c3
2026-06-10 14:00:06,533 - camera_manager - INFO - Sending frame from c1
2026-06-10 14:00:06,629 - camera_manager - INFO - Sending frame from c3
2026-06-10 14:00:06,703 - camera_manager - INFO - Sending frame from c1
2026-06-10 14:00:06,786 - camera_manager - INFO - Sending frame from c3
2026-06-10 14:00:06,841 - camera_manager - INFO - Sending frame from c1
2026-06-10 14:00:06,899 - camera_manager - INFO - Sending frame from c3
2026-06-10 14:00:06,910 - camera_manager - INFO - Sending frame from c1
2026-06-10 14:00:07,041 - camera_manager - INFO - Sending frame from c3
2026-06-10 14:00:07,060 - camera_manager - INFO - Sending frame from c1
2026-06-10 14:00:07,180 - camera_manager - INFO - Sending frame from c3
2026-06-10 14:00:07,202 - camera_manager - INFO - Sending frame from c1
2026-06-10 14:00:07,317 - camera_manager - INFO - Sending frame from c3
2026-06-10 14:00:07,340 - camera_manager - INFO - Sending frame from c1
2026-06-10 14:00:07,467 - camera_manager - INFO - Sending frame from c3
2026-06-10 14:00:07,490 - camera_manager - INFO - Sending frame from c1
2026-06-10 14:00:07,597 - camera_manager - INFO - Sending frame from c3
2026-06-10 14:00:07,621 - camera_manager - INFO - Sending frame from c1
2026-06-10 14:00:07,731 - camera_manager - INFO - Sending frame from c4
2026-06-10 14:00:07,761 - camera_manager - INFO - Sending frame from c1
2026-06-10 14:00:07,873 - camera_manager - INFO - Sending frame from c4
2026-06-10 14:00:07,935 - camera_manager - INFO - Sending frame from c1
2026-06-10 14:00:08,010 - camera_manager - INFO - Sending frame from c3
2026-06-10 14:00:08,053 - camera_manager - INFO - Sending frame from c1
2026-06-10 14:00:08,131 - camera_manager - INFO - Sending frame from c3
2026-06-10 14:00:08,173 - camera_manager - INFO - Sending frame from c1
2026-06-10 14:00:08,273 - camera_manager - INFO - Sending frame from c3
2026-06-10 14:00:08,273 - camera_manager - INFO - c3 sent 180 frames
2026-06-10 14:00:08,320 - camera_manager - INFO - Sending frame from c1
2026-06-10 14:00:08,428 - camera_manager - INFO - Sending frame from c3
2026-06-10 14:00:08,446 - camera_manager - INFO - Sending frame from c1
2026-06-10 14:00:08,446 - camera_manager - INFO - c1 sent 180 frames
2026-06-10 14:00:08,569 - camera_manager - INFO - Sending frame from c3
2026-06-10 14:00:08,578 - camera_manager - INFO - Sending frame from c1
2026-06-10 14:00:08,695 - camera_manager - INFO - Sending frame from c3
2026-06-10 14:00:08,736 - camera_manager - INFO - Sending frame from c1
2026-06-10 14:00:08,828 - camera_manager - INFO - Sending frame from c3
2026-06-10 14:00:08,872 - camera_manager - INFO - Sending frame from c1
2026-06-10 14:00:08,954 - camera_manager - INFO - Sending frame from c3
2026-06-10 14:00:09,002 - camera_manager - INFO - Sending frame from c4
2026-06-10 14:00:09,115 - camera_manager - INFO - Sending frame from c3
2026-06-10 14:00:09,145 - camera_manager - INFO - Sending frame from c4
2026-06-10 14:00:09,225 - camera_manager - INFO - Sending frame from c3
2026-06-10 14:00:09,291 - camera_manager - INFO - Sending frame from c4
2026-06-10 14:00:09,365 - camera_manager - INFO - Sending frame from c2
2026-06-10 14:00:09,424 - camera_manager - INFO - Sending frame from c4
2026-06-10 14:00:09,523 - camera_manager - INFO - Sending frame from c2
2026-06-10 14:00:09,563 - camera_manager - INFO - Sending frame from c4
2026-06-10 14:00:09,661 - camera_manager - INFO - Sending frame from c3
2026-06-10 14:00:09,708 - camera_manager - INFO - Sending frame from c1
2026-06-10 14:00:09,794 - camera_manager - INFO - Sending frame from c3
2026-06-10 14:00:09,837 - camera_manager - INFO - Sending frame from c4
2026-06-10 14:00:09,934 - camera_manager - INFO - Sending frame from c3
2026-06-10 14:00:09,985 - camera_manager - INFO - Sending frame from c4
2026-06-10 14:00:10,069 - camera_manager - INFO - Sending frame from c3
2026-06-10 14:00:10,114 - camera_manager - INFO - Sending frame from c4
2026-06-10 14:00:10,208 - camera_manager - INFO - Sending frame from c3
2026-06-10 14:00:10,265 - camera_manager - INFO - Sending frame from c4
2026-06-10 14:00:10,351 - camera_manager - INFO - Sending frame from c3
2026-06-10 14:00:10,410 - camera_manager - INFO - Sending frame from c4
2026-06-10 14:00:10,508 - camera_manager - INFO - Sending frame from c3
2026-06-10 14:00:10,550 - camera_manager - INFO - Sending frame from c4
2026-06-10 14:00:10,641 - camera_manager - INFO - Sending frame from c3
2026-06-10 14:00:10,691 - camera_manager - INFO - Sending frame from c1
2026-06-10 14:00:10,779 - camera_manager - INFO - Sending frame from c3
2026-06-10 14:00:10,820 - camera_manager - INFO - Sending frame from c4
2026-06-10 14:00:10,913 - camera_manager - INFO - Sending frame from c3
2026-06-10 14:00:10,955 - camera_manager - INFO - Sending frame from c1
2026-06-10 14:00:11,052 - camera_manager - INFO - Sending frame from c3
2026-06-10 14:00:11,052 - camera_manager - INFO - c3 sent 200 frames
2026-06-10 14:00:11,096 - camera_manager - INFO - Sending frame from c4
2026-06-10 14:00:11,196 - camera_manager - INFO - Sending frame from c3
2026-06-10 14:00:11,238 - camera_manager - INFO - Sending frame from c4
2026-06-10 14:00:11,238 - camera_manager - INFO - c4 sent 200 frames
2026-06-10 14:00:11,335 - camera_manager - INFO - Sending frame from c2
2026-06-10 14:00:11,395 - camera_manager - INFO - Sending frame from c4
2026-06-10 14:00:11,483 - camera_manager - INFO - Sending frame from c3
2026-06-10 14:00:11,534 - camera_manager - INFO - Sending frame from c4
2026-06-10 14:00:11,610 - camera_manager - INFO - Sending frame from c3
2026-06-10 14:00:11,669 - camera_manager - INFO - Sending frame from c4
2026-06-10 14:00:11,741 - camera_manager - INFO - Sending frame from c2
2026-06-10 14:00:11,809 - camera_manager - INFO - Sending frame from c1
2026-06-10 14:00:11,881 - camera_manager - INFO - Sending frame from c3
2026-06-10 14:00:11,940 - camera_manager - INFO - Sending frame from c4
2026-06-10 14:00:12,011 - camera_manager - INFO - Sending frame from c3
2026-06-10 14:00:12,082 - camera_manager - INFO - Sending frame from c1
2026-06-10 14:00:12,146 - camera_manager - INFO - Sending frame from c3
2026-06-10 14:00:12,224 - camera_manager - INFO - Sending frame from c1
2026-06-10 14:00:12,290 - camera_manager - INFO - Sending frame from c3
2026-06-10 14:00:12,378 - camera_manager - INFO - Sending frame from c4
2026-06-10 14:00:12,428 - camera_manager - INFO - Sending frame from c3
2026-06-10 14:00:12,518 - camera_manager - INFO - Sending frame from c4
2026-06-10 14:00:12,576 - camera_manager - INFO - Sending frame from c3
2026-06-10 14:00:12,655 - camera_manager - INFO - Sending frame from c4
2026-06-10 14:00:12,705 - camera_manager - INFO - Sending frame from c3
2026-06-10 14:00:12,790 - camera_manager - INFO - Sending frame from c1
2026-06-10 14:00:12,843 - camera_manager - INFO - Sending frame from c2
2026-06-10 14:00:12,929 - camera_manager - INFO - Sending frame from c1
2026-06-10 14:00:12,969 - camera_manager - INFO - Sending frame from c3
2026-06-10 14:00:13,065 - camera_manager - INFO - Sending frame from c4
2026-06-10 14:00:13,100 - camera_manager - INFO - Sending frame from c3
2026-06-10 14:00:13,208 - camera_manager - INFO - Sending frame from c1
2026-06-10 14:00:13,226 - camera_manager - INFO - Sending frame from c3
2026-06-10 14:00:13,366 - camera_manager - INFO - Sending frame from c3
2026-06-10 14:00:13,366 - camera_manager - INFO - Sending frame from c4
2026-06-10 14:00:13,493 - camera_manager - INFO - Sending frame from c2
2026-06-10 14:00:13,497 - camera_manager - INFO - Sending frame from c1
2026-06-10 14:00:13,630 - camera_manager - INFO - Sending frame from c3
2026-06-10 14:00:13,642 - camera_manager - INFO - Sending frame from c1
2026-06-10 14:00:13,763 - camera_manager - INFO - Sending frame from c3
2026-06-10 14:00:13,763 - camera_manager - INFO - c3 sent 220 frames
2026-06-10 14:00:13,775 - camera_manager - INFO - Sending frame from c4
2026-06-10 14:00:13,894 - camera_manager - INFO - Sending frame from c2
2026-06-10 14:00:13,903 - camera_manager - INFO - Sending frame from c4
2026-06-10 14:00:14,026 - camera_manager - INFO - Sending frame from c2
2026-06-10 14:00:14,040 - camera_manager - INFO - Sending frame from c1
2026-06-10 14:00:14,040 - camera_manager - INFO - c1 sent 220 frames
2026-06-10 14:00:14,168 - camera_manager - INFO - Sending frame from c3
2026-06-10 14:00:14,177 - camera_manager - INFO - Sending frame from c4
2026-06-10 14:00:14,305 - camera_manager - INFO - Sending frame from c3
2026-06-10 14:00:14,318 - camera_manager - INFO - Sending frame from c1
2026-06-10 14:00:14,447 - camera_manager - INFO - Sending frame from c3
2026-06-10 14:00:14,455 - camera_manager - INFO - Sending frame from c4
2026-06-10 14:00:14,580 - camera_manager - INFO - Sending frame from c2
2026-06-10 14:00:14,590 - camera_manager - INFO - Sending frame from c4
2026-06-10 14:00:14,714 - camera_manager - INFO - Sending frame from c3
2026-06-10 14:00:14,726 - camera_manager - INFO - Sending frame from c4
2026-06-10 14:00:14,847 - camera_manager - INFO - Sending frame from c3
2026-06-10 14:00:14,858 - camera_manager - INFO - Sending frame from c4
2026-06-10 14:00:14,978 - camera_manager - INFO - Sending frame from c2
2026-06-10 14:00:14,991 - camera_manager - INFO - Sending frame from c1
2026-06-10 14:00:15,120 - camera_manager - INFO - Sending frame from c2
2026-06-10 14:00:15,132 - camera_manager - INFO - Sending frame from c4
2026-06-10 14:00:15,261 - camera_manager - INFO - Sending frame from c2
2026-06-10 14:00:15,274 - camera_manager - INFO - Sending frame from c4
2026-06-10 14:00:15,389 - camera_manager - INFO - Sending frame from c2
2026-06-10 14:00:15,397 - camera_manager - INFO - Sending frame from c4
2026-06-10 14:00:15,528 - camera_manager - INFO - Sending frame from c3
2026-06-10 14:00:15,538 - camera_manager - INFO - Sending frame from c1
2026-06-10 14:00:15,665 - camera_manager - INFO - Sending frame from c3
2026-06-10 14:00:15,675 - camera_manager - INFO - Sending frame from c1
2026-06-10 14:00:15,796 - camera_manager - INFO - Sending frame from c3
2026-06-10 14:00:15,807 - camera_manager - INFO - Sending frame from c4
2026-06-10 14:00:15,926 - camera_manager - INFO - Sending frame from c3
2026-06-10 14:00:15,934 - camera_manager - INFO - Sending frame from c4
2026-06-10 14:00:16,056 - camera_manager - INFO - Sending frame from c3
2026-06-10 14:00:16,065 - camera_manager - INFO - Sending frame from c1
2026-06-10 14:00:16,198 - camera_manager - INFO - Sending frame from c2
2026-06-10 14:00:16,209 - camera_manager - INFO - Sending frame from c1
2026-06-10 14:00:16,339 - camera_manager - INFO - Sending frame from c3
2026-06-10 14:00:16,351 - camera_manager - INFO - Sending frame from c4
2026-06-10 14:00:16,464 - camera_manager - INFO - Sending frame from c3
2026-06-10 14:00:16,465 - camera_manager - INFO - c3 sent 240 frames
2026-06-10 14:00:16,503 - camera_manager - INFO - Sending frame from c4
2026-06-10 14:00:16,593 - camera_manager - INFO - Sending frame from c3
2026-06-10 14:00:16,637 - camera_manager - INFO - Sending frame from c1
2026-06-10 14:00:16,725 - camera_manager - INFO - Sending frame from c2
2026-06-10 14:00:16,771 - camera_manager - INFO - Sending frame from c4
2026-06-10 14:00:16,771 - camera_manager - INFO - c4 sent 240 frames
2026-06-10 14:00:16,859 - camera_manager - INFO - Sending frame from c3
2026-06-10 14:00:16,901 - camera_manager - INFO - Sending frame from c1
2026-06-10 14:00:16,988 - camera_manager - INFO - Sending frame from c3
2026-06-10 14:00:17,035 - camera_manager - INFO - Sending frame from c4
2026-06-10 14:00:17,130 - camera_manager - INFO - Sending frame from c3
2026-06-10 14:00:17,174 - camera_manager - INFO - Sending frame from c4
2026-06-10 14:00:17,273 - camera_manager - INFO - Sending frame from c3
2026-06-10 14:00:17,319 - camera_manager - INFO - Sending frame from c4
2026-06-10 14:00:17,412 - camera_manager - INFO - Sending frame from c3
2026-06-10 14:00:17,455 - camera_manager - INFO - Sending frame from c4
2026-06-10 14:00:17,555 - camera_manager - INFO - Sending frame from c3
2026-06-10 14:00:17,590 - camera_manager - INFO - Sending frame from c4
2026-06-10 14:00:17,693 - camera_manager - INFO - Sending frame from c3
2026-06-10 14:00:17,722 - camera_manager - INFO - Sending frame from c4
2026-06-10 14:00:17,825 - camera_manager - INFO - Sending frame from c3
2026-06-10 14:00:17,851 - camera_manager - INFO - Sending frame from c4
2026-06-10 14:00:17,974 - camera_manager - INFO - Sending frame from c3
2026-06-10 14:00:17,995 - camera_manager - INFO - Sending frame from c1
2026-06-10 14:00:18,102 - camera_manager - INFO - Sending frame from c3
2026-06-10 14:00:18,127 - camera_manager - INFO - Sending frame from c4
2026-06-10 14:00:18,241 - camera_manager - INFO - Sending frame from c3
2026-06-10 14:00:18,268 - camera_manager - INFO - Sending frame from c4
2026-06-10 14:00:18,384 - camera_manager - INFO - Sending frame from c3
2026-06-10 14:00:18,409 - camera_manager - INFO - Sending frame from c4
2026-06-10 14:00:18,523 - camera_manager - INFO - Sending frame from c3
2026-06-10 14:00:18,549 - camera_manager - INFO - Sending frame from c4
2026-06-10 14:00:18,655 - camera_manager - INFO - Sending frame from c3
2026-06-10 14:00:18,696 - camera_manager - INFO - Sending frame from c4
2026-06-10 14:00:18,791 - camera_manager - INFO - Sending frame from c3
2026-06-10 14:00:18,840 - camera_manager - INFO - Sending frame from c4
2026-06-10 14:00:18,927 - camera_manager - INFO - Sending frame from c3
2026-06-10 14:00:18,986 - camera_manager - INFO - Sending frame from c1
2026-06-10 14:00:19,054 - camera_manager - INFO - Sending frame from c2
2026-06-10 14:00:19,115 - camera_manager - INFO - Sending frame from c1
2026-06-10 14:00:19,195 - camera_manager - INFO - Sending frame from c3
2026-06-10 14:00:19,195 - camera_manager - INFO - c3 sent 260 frames
2026-06-10 14:00:19,266 - camera_manager - INFO - Sending frame from c1
2026-06-10 14:00:19,334 - camera_manager - INFO - Sending frame from c3
2026-06-10 14:00:19,408 - camera_manager - INFO - Sending frame from c1
2026-06-10 14:00:19,476 - camera_manager - INFO - Sending frame from c3
2026-06-10 14:00:19,557 - camera_manager - INFO - Sending frame from c1
2026-06-10 14:00:19,557 - camera_manager - INFO - c1 sent 260 frames
2026-06-10 14:00:19,606 - camera_manager - INFO - Sending frame from c3
2026-06-10 14:00:19,689 - camera_manager - INFO - Sending frame from c1
2026-06-10 14:00:19,749 - camera_manager - INFO - Sending frame from c2
2026-06-10 14:00:19,883 - camera_manager - INFO - Sending frame from c3
2026-06-10 14:00:19,939 - camera_manager - INFO - Sending frame from c4
2026-06-10 14:00:19,974 - camera_manager - INFO - Sending frame from c1
2026-06-10 14:00:20,021 - camera_manager - INFO - Sending frame from c3
2026-06-10 14:00:20,120 - camera_manager - INFO - Sending frame from c1
2026-06-10 14:00:20,176 - camera_manager - INFO - Sending frame from c3
2026-06-10 14:00:20,263 - camera_manager - INFO - Sending frame from c1
2026-06-10 14:00:20,316 - camera_manager - INFO - Sending frame from c3
2026-06-10 14:00:20,393 - camera_manager - INFO - Sending frame from c1
2026-06-10 14:00:20,460 - camera_manager - INFO - Sending frame from c3
2026-06-10 14:00:20,542 - camera_manager - INFO - Sending frame from c1
2026-06-10 14:00:20,592 - camera_manager - INFO - Sending frame from c3
2026-06-10 14:00:20,672 - camera_manager - INFO - Sending frame from c1
2026-06-10 14:00:20,726 - camera_manager - INFO - Sending frame from c3
2026-06-10 14:00:20,830 - camera_manager - INFO - Sending frame from c1
2026-06-10 14:00:20,859 - camera_manager - INFO - Sending frame from c2
2026-06-10 14:00:20,979 - camera_manager - INFO - Sending frame from c1
2026-06-10 14:00:20,995 - camera_manager - INFO - Sending frame from c3
2026-06-10 14:00:21,097 - camera_manager - INFO - Sending frame from c1
2026-06-10 14:00:21,133 - camera_manager - INFO - Sending frame from c3
2026-06-10 14:00:21,246 - camera_manager - INFO - Sending frame from c1
2026-06-10 14:00:21,272 - camera_manager - INFO - Sending frame from c3
2026-06-10 14:00:21,386 - camera_manager - INFO - Sending frame from c1
2026-06-10 14:00:21,410 - camera_manager - INFO - Sending frame from c3
2026-06-10 14:00:21,518 - camera_manager - INFO - Sending frame from c1
2026-06-10 14:00:21,554 - camera_manager - INFO - Sending frame from c3
2026-06-10 14:00:21,674 - camera_manager - INFO - Sending frame from c2
2026-06-10 14:00:21,689 - camera_manager - INFO - Sending frame from c3
2026-06-10 14:00:21,808 - camera_manager - INFO - Sending frame from c2
2026-06-10 14:00:21,822 - camera_manager - INFO - Sending frame from c3
2026-06-10 14:00:21,943 - camera_manager - INFO - Sending frame from c2
2026-06-10 14:00:21,956 - camera_manager - INFO - Sending frame from c3
2026-06-10 14:00:21,956 - camera_manager - INFO - c3 sent 280 frames
2026-06-10 14:00:22,091 - camera_manager - INFO - Sending frame from c2
2026-06-10 14:00:22,106 - camera_manager - INFO - Sending frame from c1
2026-06-10 14:00:22,234 - camera_manager - INFO - Sending frame from c2
2026-06-10 14:00:22,246 - camera_manager - INFO - Sending frame from c3
2026-06-10 14:00:22,367 - camera_manager - INFO - Sending frame from c2
2026-06-10 14:00:22,367 - camera_manager - INFO - Sending frame from c2026-06-10 14:00:22,378 - camera_manager - INFO - Sending frame from c3
2026-06-10 14:00:22,508 - camera_manager - INFO - Sending frame from c2
2026-06-10 14:00:22,519 - camera_manager - INFO - Sending frame from c3
2026-06-10 14:00:22,639 - camera_manager - INFO - Sending frame from c2
2026-06-10 14:00:22,656 - camera_manager - INFO - Sending frame from c3
2026-06-10 14:00:22,771 - camera_manager - INFO - Sending frame from c2
2026-06-10 14:00:22,798 - camera_manager - INFO - Sending frame from c1
2026-06-10 14:00:22,906 - camera_manager - INFO - Sending frame from c2
2026-06-10 14:00:22,939 - camera_manager - INFO - Sending frame from c1
2026-06-10 14:00:23,056 - camera_manager - INFO - Sending frame from c2
2026-06-10 14:00:23,065 - camera_manager - INFO - Sending frame from c1
2026-06-10 14:00:23,196 - camera_manager - INFO - Sending frame from c2
2026-06-10 14:00:23,208 - camera_manager - INFO - Sending frame from c1
2026-06-10 14:00:23,342 - camera_manager - INFO - Sending frame from c2
2026-06-10 14:00:23,354 - camera_manager - INFO - Sending frame from c1
2026-06-10 14:00:23,481 - camera_manager - INFO - Sending frame from c2
2026-06-10 14:00:23,488 - camera_manager - INFO - Sending frame from c1
2026-06-10 14:00:23,611 - camera_manager - INFO - Sending frame from c2
2026-06-10 14:00:23,620 - camera_manager - INFO - Sending frame from c1
2026-06-10 14:00:23,741 - camera_manager - INFO - Sending frame from c2
2026-06-10 14:00:23,743 - camera_manager - INFO - Sending frame from c1
2026-06-10 14:00:23,873 - camera_manager - INFO - Sending frame from c2
2026-06-10 14:00:23,903 - camera_manager - INFO - Sending frame from c1
2026-06-10 14:00:24,010 - camera_manager - INFO - Sending frame from c2
2026-06-10 14:00:24,034 - camera_manager - INFO - Sending frame from c1
2026-06-10 14:00:24,150 - camera_manager - INFO - Sending frame from c2
2026-06-10 14:00:24,190 - camera_manager - INFO - Sending frame from c1
2026-06-10 14:00:24,280 - camera_manager - INFO - Sending frame from c3
2026-06-10 14:00:24,332 - camera_manager - INFO - Sending frame from c1
2026-06-10 14:00:24,415 - camera_manager - INFO - Sending frame from c3
2026-06-10 14:00:24,467 - camera_manager - INFO - Sending frame from c1
2026-06-10 14:00:24,571 - camera_manager - INFO - Sending frame from c2
2026-06-10 14:00:24,587 - camera_manager - INFO - Sending frame from c1
2026-06-10 14:00:24,706 - camera_manager - INFO - Sending frame from c2
2026-06-10 14:00:24,706 - camera_manager - INFO - c2 sent 300 frames
2026-06-10 14:00:24,742 - camera_manager - INFO - Sending frame from c1
2026-06-10 14:00:24,842 - camera_manager - INFO - Sending frame from c2
2026-06-10 14:00:24,877 - camera_manager - INFO - Sending frame from c1
2026-06-10 14:00:24,979 - camera_manager - INFO - Sending frame from c2
2026-06-10 14:00:25,002 - camera_manager - INFO - Sending frame from c1
2026-06-10 14:00:25,111 - camera_manager - INFO - Sending frame from c2
2026-06-10 14:00:25,143 - camera_manager - INFO - Sending frame from c1
2026-06-10 14:00:25,143 - camera_manager - INFO - c1 sent 300 frames
2026-06-10 14:00:25,257 - camera_manager - INFO - Sending frame from c2
2026-06-10 14:00:25,285 - camera_manager - INFO - Sending frame from c1
2026-06-10 14:00:25,397 - camera_manager - INFO - Sending frame from c2
2026-06-10 14:00:25,446 - camera_manager - INFO - Sending frame from c1
2026-06-10 14:00:25,523 - camera_manager - INFO - Sending frame from c2
2026-06-10 14:00:25,597 - camera_manager - INFO - Sending frame from c1
2026-06-10 14:00:25,664 - camera_manager - INFO - Sending frame from c3
2026-06-10 14:00:25,762 - camera_manager - INFO - Sending frame from c1
2026-06-10 14:00:25,796 - camera_manager - INFO - Sending frame from c2
2026-06-10 14:00:25,868 - camera_manager - INFO - Sending frame from c1
2026-06-10 14:00:25,927 - camera_manager - INFO - Sending frame from c3
2026-06-10 14:00:26,004 - camera_manager - INFO - Sending frame from c1
2026-06-10 14:00:26,057 - camera_manager - INFO - Sending frame from c3
2026-06-10 14:00:26,117 - camera_manager - INFO - Sending frame from c1
2026-06-10 14:00:26,190 - camera_manager - INFO - Sending frame from c3
2026-06-10 14:00:26,283 - camera_manager - INFO - Sending frame from c1
2026-06-10 14:00:26,336 - camera_manager - INFO - Sending frame from c3
2026-06-10 14:00:26,409 - camera_manager - INFO - Sending frame from c1
2026-06-10 14:00:26,477 - camera_manager - INFO - Sending frame from c3
2026-06-10 14:00:26,543 - camera_manager - INFO - Sending frame from c1
2026-06-10 14:00:26,607 - camera_manager - INFO - Sending frame from c3
2026-06-10 14:00:26,688 - camera_manager - INFO - Sending frame from c4
2026-06-10 14:00:26,739 - camera_manager - INFO - Sending frame from c2
2026-06-10 14:00:26,819 - camera_manager - INFO - Sending frame from c4
2026-06-10 14:00:26,871 - camera_manager - INFO - Sending frame from c3
2026-06-10 14:00:26,956 - camera_manager - INFO - Sending frame from c1
2026-06-10 14:00:27,009 - camera_manager - INFO - Sending frame from c3
2026-06-10 14:00:27,097 - camera_manager - INFO - Sending frame from c1
2026-06-10 14:00:27,149 - camera_manager - INFO - Sending frame from c3
2026-06-10 14:00:27,242 - camera_manager - INFO - Sending frame from c1
2026-06-10 14:00:27,286 - camera_manager - INFO - Sending frame from c3
2026-06-10 14:00:27,390 - camera_manager - INFO - Sending frame from c1
2026-06-10 14:00:27,426 - camera_manager - INFO - Sending frame from c3
2026-06-10 14:00:27,426 - camera_manager - INFO - c3 sent 320 frames
2026-06-10 14:00:27,531 - camera_manager - INFO - Sending frame from c1
2026-06-10 14:00:27,570 - camera_manager - INFO - Sending frame from c3
2026-06-10 14:00:27,656 - camera_manager - INFO - Sending frame from c1
2026-06-10 14:00:27,707 - camera_manager - INFO - Sending frame from c3
2026-06-10 14:00:27,802 - camera_manager - INFO - Sending frame from c1
2026-06-10 14:00:27,840 - camera_manager - INFO - Sending frame from c3
2026-06-10 14:00:27,924 - camera_manager - INFO - Sending frame from c1
2026-06-10 14:00:27,924 - camera_manager - INFO - c1 sent 320 frames
2026-06-10 14:00:27,974 - camera_manager - INFO - Sending frame from c3
2026-06-10 14:00:28,064 - camera_manager - INFO - Sending frame from c4
2026-06-10 14:00:28,115 - camera_manager - INFO - Sending frame from c2022026-06-10 14:00:28,206 - camera_manager - INFO - Sending fr2026-06-10 142026-06-10 14:00:28,270 - camera_manager - INFO - Sending fr2026-06-10 14:00:28,350 - camera_manager - INFO - Sending frame from c4
2026-06-10 14:00:28,470 - camera_manager - INFO - Sending frame from c4
2026-06-10 14:00:28,618 - camera_manager - INFO - Sending frame from c4
2026-06-10 14:00:28,753 - camera_manager - INFO - Sending frame from c4
2026-06-10 14:00:28,884 - camera_manager - INFO - Sending frame from c4
2026-06-10 14:00:29,019 - camera_manager - INFO - Sending frame from c4
2026-06-10 14:00:29,163 - camera_manager - INFO - Sending frame from c4
2026-06-10 14:00:29,301 - camera_manager - INFO - Sending frame from c4
2026-06-10 14:00:29,428 - camera_manager - INFO - Sending frame from c4
2026-06-10 14:00:29,571 - camera_manager - INFO - Sending frame from c4
2026-06-10 14:00:29,703 - camera_manager - INFO - Sending frame from c4
2026-06-10 14:00:29,844 - camera_manager - INFO - Sending frame from c4
2026-06-10 14:00:29,969 - camera_manager - INFO - Sending frame from c4
2026-06-10 14:00:30,099 - camera_manager - INFO - Sending frame from c4
2026-06-10 14:00:30,238 - camera_manager - INFO - Sending frame from c4
2026-06-10 14:00:30,380 - camera_manager - INFO - Sending frame from c4
2026-06-10 14:00:30,534 - camera_manager - INFO - Sending frame from c4
2026-06-10 14:00:30,666 - camera_manager - INFO - Sending frame from c4
2026-06-10 14:00:30,666 - camera_manager - INFO - c4 sent 340 frames
2026-06-10 14:00:30,802 - camera_manager - INFO - Sending frame from c4
2026-06-10 14:00:30,929 - camera_manager - INFO - Sending frame from c4
2026-06-10 14:00:31,067 - camera_manager - INFO - Sending frame from c4
2026-06-10 14:00:31,202 - camera_manager - INFO - Sending frame from c4
2026-06-10 14:00:31,315 - camera_manager - INFO - Sending frame from c4
2026-06-10 14:00:31,455 - camera_manager - INFO - Sending frame from c4
2026-06-10 14:00:31,611 - camera_manager - INFO - Sending frame from c4
2026-06-10 14:00:31,736 - camera_manager - INFO - Sending frame from c4
2026-06-10 14:00:31,886 - camera_manager - INFO - Sending frame from c4
2026-06-10 14:00:32,028 - camera_manager - INFO - Sending frame from c4
2026-06-10 14:00:32,194 - camera_manager - INFO - Sending frame from c4
2026-06-10 14:00:32,336 - camera_manager - INFO - Sending frame from c4
2026-06-10 14:00:32,475 - camera_manager - INFO - Sending frame from c4
2026-06-10 14:00:32,595 - camera_manager - INFO - Sending frame from c4
2026-06-10 14:00:32,731 - camera_manager - INFO - Sending frame from c4
2026-06-10 14:00:32,864 - camera_manager - INFO - Sending frame from c4
2026-06-10 14:00:33,001 - camera_manager - INFO - Sending frame from c4
2026-06-10 14:00:33,131 - camera_manager - INFO - Sending frame from c4
2026-06-10 14:00:33,283 - camera_manager - INFO - Sending frame from c4
2026-06-10 14:00:33,393 - camera_manager - INFO - Sending frame from c4
2026-06-10 14:00:33,393 - camera_manager - INFO - c4 sent 360 frames
2026-06-10 14:00:33,548 - camera_manager - INFO - Sending frame from c4
2026-06-10 14:00:33,676 - camera_manager - INFO - Sending frame from c4
2026-06-10 14:00:33,814 - camera_manager - INFO - Sending frame from c4
2026-06-10 14:00:33,942 - camera_manager - INFO - Sending frame from c4
2026-06-10 14:00:34,079 - camera_manager - INFO - Sending frame from c4
2026-06-10 14:00:34,199 - camera_manager - INFO - Sending frame from c4
2026-06-10 14:00:34,397 - camera_manager - INFO - Sending frame from c4
2026-06-10 14:00:34,533 - camera_manager - INFO - Sending frame from c4
2026-06-10 14:00:34,637 - camera_manager - INFO - Sending frame from c4
2026-06-10 14:00:34,768 - camera_manager - INFO - Sending frame from c4
2026-06-10 14:00:34,921 - camera_manager - INFO - Sending frame from c4
2026-06-10 14:00:35,047 - camera_manager - INFO - Sending frame from c4
2026-06-10 14:00:35,175 - camera_manager - INFO - Sending frame from c4
2026-06-10 14:00:35,375 - camera_manager - INFO - Sending frame from c4
2026-06-10 14:00:35,470 - camera_manager - INFO - Sending frame from c4
2026-06-10 14:00:35,611 - camera_manager - INFO - Sending frame from c4
2026-06-10 14:00:35,744 - camera_manager - INFO - Sending frame from c4
2026-06-10 14:00:35,895 - camera_manager - INFO - Sending frame from c4
2026-06-10 14:00:36,029 - camera_manager - INFO - Sending frame from c4
2026-06-10 14:00:36,160 - camera_manager - INFO - Sending frame from c4
2026-06-10 14:00:36,160 - camera_manager - INFO - c4 sent 380 frames
2026-06-10 14:00:36,315 - camera_manager - INFO - Sending frame from c4
2026-06-10 14:00:36,501 - camera_manager - INFO - Sending frame from c4
2026-06-10 14:00:36,599 - camera_manager - INFO - Sending frame from c4
2026-06-10 14:00:36,758 - camera_manager - INFO - Sending frame from c4
2026-06-10 14:00:36,881 - camera_manager - INFO - Sending frame from c4
2026-06-10 14:00:37,019 - camera_manager - INFO - Sending frame from c4
2026-06-10 14:00:37,171 - camera_manager - INFO - Sending frame from c4
2026-06-10 14:00:37,305 - camera_manager - INFO - Sending frame from c4
2026-06-10 14:00:37,446 - camera_manager - INFO - Sending frame from c4
2026-06-10 14:00:37,636 - camera_manager - INFO - Sending frame from c4
2026-06-10 14:00:37,736 - camera_manager - INFO - Sending frame from c4
2026-06-10 14:00:37,880 - camera_manager - INFO - Sending frame from c4
2026-06-10 14:00:38,013 - camera_manager - INFO - Sending frame from c4
2026-06-10 14:00:38,156 - camera_manager - INFO - Sending frame from c4
2026-06-10 14:00:38,280 - camera_manager - INFO - Sending frame from c4
2026-06-10 14:00:38,409 - camera_manager - INFO - Sending frame from c4
2026-06-10 14:00:38,577 - camera_manager - INFO - Sending frame from c4
2026-06-10 14:00:38,711 - camera_manager - INFO - Sending frame from c4
2026-06-10 14:00:38,865 - camera_manager - INFO - Sending frame from c4
2026-06-10 14:00:38,959 - camera_manager - INFO - Sending frame from c4
2026-06-10 14:00:38,959 - camera_manager - INFO - c4 sent 400 frames
2026-06-10 14:00:39,107 - camera_manager - INFO - Sending frame from c4
2026-06-10 14:00:39,250 - camera_manager - INFO - Sending frame from c4
2026-06-10 14:00:39,376 - camera_manager - INFO - Sending frame from c4
2026-06-10 14:00:39,503 - camera_manager - INFO - Sending frame from c4
2026-06-10 14:00:39,630 - camera_manager - INFO - Sending frame from c4
2026-06-10 14:00:39,778 - camera_manager - INFO - Sending frame from c4
2026-06-10 14:00:39,906 - camera_manager - INFO - Sending frame from c4
2026-06-10 14:00:40,045 - camera_manager - INFO - Sending frame from c4
2026-06-10 14:00:40,183 - camera_manager - INFO - Sending frame from c4
2026-06-10 14:00:40,322 - camera_manager - INFO - Sending frame from c4
2026-06-10 14:00:40,470 - camera_manager - INFO - Sending frame from c4
2026-06-10 14:00:40,602 - camera_manager - INFO - Sending frame from c4
2026-06-10 14:00:40,756 - camera_manager - INFO - Sending frame from c4
2026-06-10 14:00:40,893 - camera_manager - INFO - Sending frame from c4
2026-06-10 14:00:41,028 - camera_manager - INFO - Sending frame from c4
2026-06-10 14:00:41,175 - camera_manager - INFO - Sending frame from c4
2026-06-10 14:00:41,318 - camera_manager - INFO - Sending frame from c4
2026-06-10 14:00:41,467 - camera_manager - INFO - Sending frame from c4
2026-06-10 14:00:41,601 - camera_manager - INFO - Sending frame from c4
2026-06-10 14:00:41,736 - camera_manager - INFO - Sending frame from c4
2026-06-10 14:00:41,736 - camera_manager - INFO - c4 sent 420 frames
2026-06-10 14:00:41,875 - camera_manager - INFO - Sending frame from c4
2026-06-10 14:00:42,012 - camera_manager - INFO - Sending frame from c4
2026-06-10 14:00:42,153 - camera_manager - INFO - Sending frame from c4
2026-06-10 14:00:42,300 - camera_manager - INFO - Sending frame from c4
2026-06-10 14:00:42,451 - camera_manager - INFO - Sending frame from c4
2026-06-10 14:00:42,593 - camera_manager - INFO - Sending frame from c4
2026-06-10 14:00:42,721 - camera_manager - INFO - Sending frame from c4
2026-06-10 14:00:42,858 - camera_manager - INFO - Sending frame from c4
2026-06-10 14:00:42,990 - camera_manager - INFO - Sending frame from c4
2026-06-10 14:00:43,131 - camera_manager - INFO - Sending frame from c4
2026-06-10 14:00:43,269 - camera_manager - INFO - Sending frame from c4
2026-06-10 14:00:43,424 - camera_manager - INFO - Sending frame from c4
2026-06-10 14:00:43,591 - camera_manager - INFO - Sending frame from c4
2026-06-10 14:00:43,719 - camera_manager - INFO - Sending frame from c4
2026-06-10 14:00:43,871 - camera_manager - INFO - Sending frame from c4
2026-06-10 14:00:43,994 - camera_manager - INFO - Sending frame from c4
2026-06-10 14:00:44,130 - camera_manager - INFO - Sending frame from c4
2026-06-10 14:00:44,283 - camera_manager - INFO - Sending frame from c4
2026-06-10 14:00:44,419 - camera_manager - INFO - Sending frame from c4
2026-06-10 14:00:44,555 - camera_manager - INFO - Sending frame from c4
2026-06-10 14:00:44,555 - camera_manager - INFO - c4 sent 440 frames
2026-06-10 14:00:44,681 - camera_manager - INFO - Sending frame from c4
2026-06-10 14:00:44,840 - camera_manager - INFO - Sending frame from c4
2026-06-10 14:00:44,959 - camera_manager - INFO - Sending frame from c4
2026-06-10 14:00:45,120 - camera_manager - INFO - Sending frame from c4
2026-06-10 14:00:45,278 - camera_manager - INFO - Sending frame from c4
2026-06-10 14:00:45,411 - camera_manager - INFO - Sending frame from c4
2026-06-10 14:00:45,550 - camera_manager - INFO - Sending frame from c4
2026-06-10 14:00:45,697 - camera_manager - INFO - Sending frame from c4
2026-06-10 14:00:45,830 - camera_manager - INFO - Sending frame from c4
2026-06-10 14:00:45,971 - camera_manager - INFO - Sending frame from c4
2026-06-10 14:00:46,123 - camera_manager - INFO - Sending frame from c4
2026-06-10 14:00:46,263 - camera_manager - INFO - Sending frame from c4
2026-06-10 14:00:46,393 - camera_manager - INFO - Sending frame from c4
2026-06-10 14:00:46,547 - camera_manager - INFO - Sending frame from c4
2026-06-10 14:00:46,673 - camera_manager - INFO - Sending frame from c4
2026-06-10 14:00:46,802 - camera_manager - INFO - Sending frame from c4
2026-06-10 14:00:46,950 - camera_manager - INFO - Sending frame from c4
2026-06-10 14:00:47,089 - camera_manager - INFO - Sending frame from c4
2026-06-10 14:00:47,236 - camera_manager - INFO - Sending frame from c4
2026-06-10 14:00:47,389 - camera_manager - INFO - Sending frame from c4
2026-06-10 14:00:47,389 - camera_manager - INFO - c4 sent 460 frames
2026-06-10 14:00:47,503 - camera_manager - INFO - Sending frame from c4
2026-06-10 14:00:47,654 - camera_manager - INFO - Sending frame from c4
2026-06-10 14:00:47,780 - camera_manager - INFO - Sending frame from c4
2026-06-10 14:00:47,927 - camera_manager - INFO - Sending frame from c4
2026-06-10 14:00:48,076 - camera_manager - INFO - Sending frame from c4
2026-06-10 14:00:48,227 - camera_manager - INFO - Sending frame from c4
2026-06-10 14:00:48,372 - camera_manager - INFO - Sending frame from c4
2026-06-10 14:00:48,503 - camera_manager - INFO - Sending frame from c4
2026-06-10 14:00:48,668 - camera_manager - INFO - Sending frame from c4
2026-06-10 14:00:48,798 - camera_manager - INFO - Sending frame from c4
2026-06-10 14:00:48,931 - camera_manager - INFO - Sending frame from c4
2026-06-10 14:00:49,081 - camera_manager - INFO - Sending frame from c4
2026-06-10 14:00:49,215 - camera_manager - INFO - Sending frame from c4
2026-06-10 14:00:49,355 - camera_manager - INFO - Sending frame from c4
2026-06-10 14:00:49,499 - camera_manager - INFO - Sending frame from c4
2026-06-10 14:00:49,654 - camera_manager - INFO - Sending frame from c4
2026-06-10 14:00:49,791 - camera_manager - INFO - Sending frame from c4
2026-06-10 14:00:49,919 - camera_manager - INFO - Sending frame from c4
2026-06-10 14:00:50,084 - camera_manager - INFO - Sending frame from c4
2026-06-10 14:00:50,209 - camera_manager - INFO - Sending frame from c4
2026-06-10 14:00:50,209 - camera_manager - INFO - c4 sent 480 frames
2026-06-10 14:00:50,348 - camera_manager - INFO - Sending frame from c4
2026-06-10 14:00:50,486 - camera_manager - INFO - Sending frame from c4
2026-06-10 14:00:50,627 - camera_manager - INFO - Sending frame from c4
2026-06-10 14:00:50,747 - camera_manager - INFO - Sending frame from c4
2026-06-10 14:00:50,907 - camera_manager - INFO - Sending frame from c4
2026-06-10 14:00:51,035 - camera_manager - INFO - Sending frame from c4
2026-06-10 14:00:51,229 - camera_manager - INFO - Sending frame from c4
2026-06-10 14:00:51,354 - camera_manager - INFO - Sending frame from c4
2026-06-10 14:00:51,467 - camera_manager - INFO - Sending frame from c4
2026-06-10 14:00:51,595 - camera_manager - INFO - Sending frame from c4
2026-06-10 14:00:51,715 - camera_manager - INFO - Sending frame from c4
2026-06-10 14:00:51,860 - camera_manager - INFO - Sending frame from c4
2026-06-10 14:00:52,016 - camera_manager - INFO - Sending frame from c4
2026-06-10 14:00:52,158 - camera_manager - INFO - Sending frame from c4
2026-06-10 14:00:52,294 - camera_manager - INFO - Sending frame from c4
2026-06-10 14:00:52,441 - camera_manager - INFO - Sending frame from c4
2026-06-10 14:00:52,580 - camera_manager - INFO - Sending frame from c4
2026-06-10 14:00:52,714 - camera_manager - INFO - Sending frame from c4
2026-06-10 14:00:52,862 - camera_manager - INFO - Sending frame from c4
2026-06-10 14:00:52,974 - camera_manager - INFO - Sending frame from c4
2026-06-10 14:00:52,974 - camera_manager - INFO - c4 sent 500 frames
2026-06-10 14:00:53,125 - camera_manager - INFO - Sending frame from c4
2026-06-10 14:00:53,253 - camera_manager - INFO - Sending frame from c4
2026-06-10 14:00:53,395 - camera_manager - INFO - Sending frame from c4
2026-06-10 14:00:53,603 - camera_manager - INFO - Sending frame from c4
2026-06-10 14:00:53,723 - camera_manager - INFO - Sending frame from c4
2026-06-10 14:00:53,818 - camera_manager - INFO - Sending frame from c4
2026-06-10 14:00:53,969 - camera_manager - INFO - Sending frame from c4
2026-06-10 14:00:54,096 - camera_manager - INFO - Sending frame from c4
2026-06-10 14:00:54,237 - camera_manager - INFO - Sending frame from c4
2026-06-10 14:00:54,388 - camera_manager - INFO - Sending frame from c4
2026-06-10 14:00:54,533 - camera_manager - INFO - Sending frame from c4
2026-06-10 14:00:54,689 - camera_manager - INFO - Sending frame from c4
2026-06-10 14:00:54,868 - camera_manager - INFO - Sending frame from c4
2026-06-10 14:00:54,956 - camera_manager - INFO - Sending frame from c4
2026-06-10 14:00:55,114 - camera_manager - INFO - Sending frame from c4
2026-06-10 14:00:55,237 - camera_manager - INFO - Sending frame from c4
2026-06-10 14:00:55,389 - camera_manager - INFO - Sending frame from c4
2026-06-10 14:00:55,528 - camera_manager - INFO - Sending frame from c4
2026-06-10 14:00:55,686 - camera_manager - INFO - Sending frame from c4
2026-06-10 14:00:55,794 - camera_manager - INFO - Sending frame from c4
2026-06-10 14:00:55,794 - camera_manager - INFO - c4 sent 520 frames
2026-06-10 14:00:55,993 - camera_manager - INFO - Sending frame from c4
2026-06-10 14:00:56,081 - camera_manager - INFO - Sending frame from c4
2026-06-10 14:00:56,220 - camera_manager - INFO - Sending frame from c4
2026-06-10 14:00:56,355 - camera_manager - INFO - Sending frame from c4
2026-06-10 14:00:56,493 - camera_manager - INFO - Sending frame from c4
2026-06-10 14:00:56,626 - camera_manager - INFO - Sending frame from c4
2026-06-10 14:00:56,764 - camera_manager - INFO - Sending frame from c4
2026-06-10 14:00:56,901 - camera_manager - INFO - Sending frame from c4
2026-06-10 14:00:57,018 - camera_manager - INFO - Sending frame from c4
2026-06-10 14:00:57,155 - camera_manager - INFO - Sending frame from c4
2026-06-10 14:00:57,283 - camera_manager - INFO - Sending frame from c4
2026-06-10 14:00:57,422 - camera_manager - INFO - Sending frame from c4
2026-06-10 14:00:57,566 - camera_manager - INFO - Sending frame from c4
2026-06-10 14:00:57,710 - camera_manager - INFO - Sending frame from c4
2026-06-10 14:00:57,829 - camera_manager - INFO - Sending frame from c4
2026-06-10 14:00:57,988 - camera_manager - INFO - Sending frame from c4
2026-06-10 14:00:58,105 - camera_manager - INFO - Sending frame from c4
2026-06-10 14:00:58,253 - camera_manager - INFO - Sending frame from c4
2026-06-10 14:00:58,398 - camera_manager - INFO - Sending frame from c4
2026-06-10 14:00:58,545 - camera_manager - INFO - Sending frame from c4
2026-06-10 14:00:58,545 - camera_manager - INFO - c4 sent 540 frames
2026-06-10 14:00:58,676 - camera_manager - INFO - Sending frame from c4
2026-06-10 14:00:58,835 - camera_manager - INFO - Sending frame from c4
2026-06-10 14:00:58,960 - camera_manager - INFO - Sending frame from c4
2026-06-10 14:00:59,111 - camera_manager - INFO - Sending frame from c4
2026-06-10 14:00:59,252 - camera_manager - INFO - Sending frame from c4
2026-06-10 14:00:59,397 - camera_manager - INFO - Sending frame from c4
2026-06-10 14:00:59,560 - camera_manager - INFO - Sending frame from c4
2026-06-10 14:00:59,695 - camera_manager - INFO - Sending frame from c4
2026-06-10 14:00:59,840 - camera_manager - INFO - Sending frame from c4
2026-06-10 14:00:59,999 - camera_manager - INFO - Sending frame from c4
2026-06-10 14:01:00,127 - camera_manager - INFO - Sending frame from c4
2026-06-10 14:01:00,268 - camera_manager - INFO - Sending frame from c4
2026-06-10 14:01:00,424 - camera_manager - INFO - Sending frame from c4
2026-06-10 14:01:00,575 - camera_manager - INFO - Sending frame from c4
2026-06-10 14:01:00,739 - camera_manager - INFO - Sending frame from c4
2026-06-10 14:01:00,871 - camera_manager - INFO - Sending frame from c4
2026-06-10 14:01:01,008 - camera_manager - INFO - Sending frame from c4
2026-06-10 14:01:01,154 - camera_manager - INFO - Sending frame from c4
2026-06-10 14:01:01,282 - camera_manager - INFO - Sending frame from c4
2026-06-10 14:01:01,408 - camera_manager - INFO - Sending frame from c4
2026-06-10 14:01:01,408 - camera_manager - INFO - c4 sent 560 frames
2026-06-10 14:01:01,564 - camera_manager - INFO - Sending frame from c4
2026-06-10 14:01:01,698 - camera_manager - INFO - Sending frame from c4
2026-06-10 14:01:01,825 - camera_manager - INFO - Sending frame from c4
2026-06-10 14:01:01,985 - camera_manager - INFO - Sending frame from c4
2026-06-10 14:01:02,123 - camera_manager - INFO - Sending frame from c4
2026-06-10 14:01:02,252 - camera_manager - INFO - Sending frame from c4
2026-06-10 14:01:02,392 - camera_manager - INFO - Sending frame from c4
2026-06-10 14:01:02,518 - camera_manager - INFO - Sending frame from c4
2026-06-10 14:01:02,671 - camera_manager - INFO - Sending frame from c4
2026-06-10 14:01:02,794 - camera_manager - INFO - Sending frame from c4
2026-06-10 14:01:02,946 - camera_manager - INFO - Sending frame from c4
2026-06-10 14:01:03,096 - camera_manager - INFO - Sending frame from c4
2026-06-10 14:01:03,221 - camera_manager - INFO - Sending frame from c4
2026-06-10 14:01:03,364 - camera_manager - INFO - Sending frame from c4
2026-06-10 14:01:03,520 - camera_manager - INFO - Sending frame from c4
2026-06-10 14:01:03,658 - camera_manager - INFO - Sending frame from c4
2026-06-10 14:01:03,807 - camera_manager - INFO - Sending frame from c4
2026-06-10 14:01:03,929 - camera_manager - INFO - Sending frame from c4
2026-06-10 14:01:04,065 - camera_manager - INFO - Sending frame from c4
2026-06-10 14:01:04,217 - camera_manager - INFO - Sending frame from c4
2026-06-10 14:01:04,219 - camera_manager - INFO - c4 sent 580 frames
2026-06-10 14:01:04,341 - camera_manager - INFO - Sending frame from c4
2026-06-10 14:01:04,485 - camera_manager - INFO - Sending frame from c4
2026-06-10 14:01:04,608 - camera_manager - INFO - Sending frame from c4
2026-06-10 14:01:04,765 - camera_manager - INFO - Sending frame from c4
2026-06-10 14:01:04,886 - camera_manager - INFO - Sending frame from c4
2026-06-10 14:01:05,050 - camera_manager - INFO - Sending frame from c4
2026-06-10 14:01:05,205 - camera_manager - INFO - Sending frame from c4
2026-06-10 14:01:05,342 - camera_manager - INFO - Sending frame from c4
2026-06-10 14:01:05,484 - camera_manager - INFO - Sending frame from c4
2026-06-10 14:01:05,616 - camera_manager - INFO - Sending frame from c4
2026-06-10 14:01:05,739 - camera_manager - INFO - Sending frame from c4
2026-06-10 14:01:05,904 - camera_manager - INFO - Sending frame from c4
2026-06-10 14:01:06,018 - camera_manager - INFO - Sending frame from c4
2026-06-10 14:01:06,159 - camera_manager - INFO - Sending frame from c4
2026-06-10 14:01:06,299 - camera_manager - INFO - Sending frame from c4
2026-06-10 14:01:06,452 - camera_manager - INFO - Sending frame from c4
2026-06-10 14:01:06,583 - camera_manager - INFO - Sending frame from c4
2026-06-10 14:01:06,708 - camera_manager - INFO - Sending frame from c4
2026-06-10 14:01:06,866 - camera_manager - INFO - Sending frame from c4
2026-06-10 14:01:06,999 - camera_manager - INFO - Sending frame from c4
2026-06-10 14:01:06,999 - camera_manager - INFO - c4 sent 600 frames
2026-06-10 14:01:07,129 - camera_manager - INFO - Sending frame from c4
2026-06-10 14:01:07,264 - camera_manager - INFO - Sending frame from c4
2026-06-10 14:01:07,393 - camera_manager - INFO - Sending frame from c4
2026-06-10 14:01:07,549 - camera_manager - INFO - Sending frame from c4
2026-06-10 14:01:07,676 - camera_manager - INFO - Sending frame from c4
2026-06-10 14:01:07,817 - camera_manager - INFO - Sending frame from c4
2026-06-10 14:01:07,968 - camera_manager - INFO - Sending frame from c4
2026-06-10 14:01:08,134 - camera_manager - INFO - Sending frame from c4
2026-06-10 14:01:08,237 - camera_manager - INFO - Sending frame from c4
2026-06-10 14:01:08,389 - camera_manager - INFO - Sending frame from c4
2026-06-10 14:01:08,577 - camera_manager - INFO - Sending frame from c4
2026-06-10 14:01:08,689 - camera_manager - INFO - Sending frame from c4
2026-06-10 14:01:08,796 - camera_manager - INFO - Sending frame from c4
2026-06-10 14:01:08,931 - camera_manager - INFO - Sending frame from c4
2026-06-10 14:01:09,060 - camera_manager - INFO - Sending frame from c4
2026-06-10 14:01:09,203 - camera_manager - INFO - Sending frame from c4
2026-06-10 14:01:09,351 - camera_manager - INFO - Sending frame from c4
2026-06-10 14:01:09,476 - camera_manager - INFO - Sending frame from c4
2026-06-10 14:01:09,622 - camera_manager - INFO - Sending frame from c4
2026-06-10 14:01:09,763 - camera_manager - INFO - Sending frame from c4
2026-06-10 14:01:09,764 - camera_manager - INFO - c4 sent 620 frames
2026-06-10 14:01:09,893 - camera_manager - INFO - Sending frame from c4
2026-06-10 14:01:10,039 - camera_manager - INFO - Sending frame from c4
2026-06-10 14:01:10,189 - camera_manager - INFO - Sending frame from c4
2026-06-10 14:01:10,313 - camera_manager - INFO - Sending frame from c4
2026-06-10 14:01:10,461 - camera_manager - INFO - Sending frame from c4
2026-06-10 14:01:10,588 - camera_manager - INFO - Sending frame from c4
2026-06-10 14:01:10,793 - camera_manager - INFO - Sending frame from c4
2026-06-10 14:01:10,848 - camera_manager - INFO - Sending frame from c4
2026-06-10 14:01:10,986 - camera_manager - INFO - Sending frame from c4
2026-06-10 14:01:11,139 - camera_manager - INFO - Sending frame from c4
2026-06-10 14:01:11,279 - camera_manager - INFO - Sending frame from c4
2026-06-10 14:01:11,408 - camera_manager - INFO - Sending frame from c4
2026-06-10 14:01:11,534 - camera_manager - INFO - Sending frame from c4
2026-06-10 14:01:11,706 - camera_manager - INFO - Sending frame from c4
2026-06-10 14:01:11,886 - camera_manager - INFO - Sending frame from c4
2026-06-10 14:01:11,990 - camera_manager - INFO - Sending frame from c4
2026-06-10 14:01:12,096 - camera_manager - INFO - Sending frame from c4
2026-06-10 14:01:12,249 - camera_manager - INFO - Sending frame from c4
2026-06-10 14:01:12,402 - camera_manager - INFO - Sending frame from c4
2026-06-10 14:01:12,545 - camera_manager - INFO - Sending frame from c4
2026-06-10 14:01:12,545 - camera_manager - INFO - c4 sent 640 frames
2026-06-10 14:01:12,670 - camera_manager - INFO - Sending frame from c4
2026-06-10 14:01:12,836 - camera_manager - INFO - Sending frame from c4
2026-06-10 14:01:12,966 - camera_manager - INFO - Sending frame from c4
2026-06-10 14:01:13,147 - camera_manager - INFO - Sending frame from c4
2026-06-10 14:01:13,236 - camera_manager - INFO - Sending frame from c4
2026-06-10 14:01:13,382 - camera_manager - INFO - Sending frame from c4
2026-06-10 14:01:13,530 - camera_manager - INFO - Sending frame from c4
2026-06-10 14:01:13,665 - camera_manager - INFO - Sending frame from c4
2026-06-10 14:01:13,790 - camera_manager - INFO - Sending frame from c4
2026-06-10 14:01:13,925 - camera_manager - INFO - Sending frame from c4
2026-06-10 14:01:14,083 - camera_manager - INFO - Sending frame from c4
2026-06-10 14:01:14,275 - camera_manager - INFO - Sending frame from c4
2026-06-10 14:01:14,361 - camera_manager - INFO - Sending frame from c4
2026-06-10 14:01:14,500 - camera_manager - INFO - Sending frame from c4
2026-06-10 14:01:14,629 - camera_manager - INFO - Sending frame from c4
2026-06-10 14:01:14,756 - camera_manager - INFO - Sending frame from c4
2026-06-10 14:01:14,893 - camera_manager - INFO - Sending frame from c4
2026-06-10 14:01:15,036 - camera_manager - INFO - Sending frame from c4
2026-06-10 14:01:15,190 - camera_manager - INFO - Sending frame from c4
2026-06-10 14:01:15,320 - camera_manager - INFO - Sending frame from c4
2026-06-10 14:01:15,320 - camera_manager - INFO - c4 sent 660 frames
2026-06-10 14:01:15,495 - camera_manager - INFO - Sending frame from c4
2026-06-10 14:01:15,603 - camera_manager - INFO - Sending frame from c4
2026-06-10 14:01:15,752 - camera_manager - INFO - Sending frame from c4
2026-06-10 14:01:15,914 - camera_manager - INFO - Sending frame from c4
2026-06-10 14:01:16,050 - camera_manager - INFO - Sending frame from c4
2026-06-10 14:01:16,206 - camera_manager - INFO - Sending frame from c4
2026-06-10 14:01:16,348 - camera_manager - INFO - Sending frame from c4
2026-06-10 14:01:16,472 - camera_manager - INFO - Sending frame from c4
2026-06-10 14:01:16,674 - camera_manager - INFO - Sending frame from c4
2026-06-10 14:01:16,755 - camera_manager - INFO - Sending frame from c4
2026-06-10 14:01:16,908 - camera_manager - INFO - Sending frame from c4
2026-06-10 14:01:17,044 - camera_manager - INFO - Sending frame from c4
2026-06-10 14:01:17,186 - camera_manager - INFO - Sending frame from c4
2026-06-10 14:01:17,328 - camera_manager - INFO - Sending frame from c4
2026-06-10 14:01:17,478 - camera_manager - INFO - Sending frame from c4
2026-06-10 14:01:17,605 - camera_manager - INFO - Sending frame from c4
2026-06-10 14:01:17,770 - camera_manager - INFO - Sending frame from c4
2026-06-10 14:01:17,868 - camera_manager - INFO - Sending frame from c4
2026-06-10 14:01:17,988 - camera_manager - INFO - Sending frame from c4
2026-06-10 14:01:18,142 - camera_manager - INFO - Sending frame from c4
2026-06-10 14:01:18,142 - camera_manager - INFO - c4 sent 680 frames
2026-06-10 14:01:18,296 - camera_manager - INFO - Sending frame from c4
2026-06-10 14:01:18,424 - camera_manager - INFO - Sending frame from c4
2026-06-10 14:01:18,594 - camera_manager - INFO - Sending frame from c4
2026-06-10 14:01:18,742 - camera_manager - INFO - Sending frame from c4
2026-06-10 14:01:18,851 - camera_manager - INFO - Sending frame from c4
2026-06-10 14:01:19,064 - camera_manager - INFO - Sending frame from c4
2026-06-10 14:01:19,127 - camera_manager - INFO - Sending frame from c4
2026-06-10 14:01:19,268 - camera_manager - INFO - Sending frame from c4
2026-06-10 14:01:19,420 - camera_manager - INFO - Sending frame from c4
2026-06-10 14:01:19,549 - camera_manager - INFO - Sending frame from c4
2026-06-10 14:01:19,704 - camera_manager - INFO - Sending frame from c4
2026-06-10 14:01:19,849 - camera_manager - INFO - Sending frame from c4
2026-06-10 14:01:19,988 - camera_manager - INFO - Sending frame from c4
2026-06-10 14:01:20,179 - camera_manager - INFO - Sending frame from c4
2026-06-10 14:01:20,246 - camera_manager - INFO - Sending frame from c4
2026-06-10 14:01:20,405 - camera_manager - INFO - Sending frame from c4
2026-06-10 14:01:20,534 - camera_manager - INFO - Sending frame from c4
2026-06-10 14:01:20,685 - camera_manager - INFO - Sending frame from c4
2026-06-10 14:01:20,821 - camera_manager - INFO - Sending frame from c4
2026-06-10 14:01:20,947 - camera_manager - INFO - Sending frame from c4
2026-06-10 14:01:20,948 - camera_manager - INFO - c4 sent 700 frames
2026-06-10 14:01:21,065 - camera_manager - INFO - Sending frame from c4
2026-06-10 14:01:21,207 - camera_manager - INFO - Sending frame from c4
2026-06-10 14:01:21,394 - camera_manager - INFO - Sending frame from c4
2026-06-10 14:01:21,487 - camera_manager - INFO - Sending frame from c4
2026-06-10 14:01:21,632 - camera_manager - WARNING - c4 stream ended
2026-06-10 14:01:21,649 - camera_manager - INFO - c4 finished
ame from c2
2026-06-10 14:01:15,586 - camera_manager - INFO - Sending frame from c2
2026-06-10 14:01:15,722 - camera_manager - INFO - Sending frame from c2
2026-06-10 14:01:15,854 - camera_manager - INFO - Sending frame from c2
2026-06-10 14:01:15,992 - camera_manager - INFO - Sending frame from c2
2026-06-10 14:01:16,129 - camera_manager - INFO - Sending frame from c2
2026-06-10 14:01:16,269 - camera_manager - INFO - Sending frame from c2
2026-06-10 14:01:16,432 - camera_manager - INFO - Sending frame from c2
2026-06-10 14:01:16,573 - camera_manager - INFO - Sending frame from c2
2026-06-10 14:01:16,711 - camera_manager - INFO - Sending frame from c2
2026-06-10 14:01:16,839 - camera_manager - INFO - Sending frame from c2
2026-06-10 14:01:16,971 - camera_manager - INFO - Sending frame from c2
2026-06-10 14:01:17,116 - camera_manager - INFO - Sending frame from c2
2026-06-10 14:01:17,116 - camera_manager - INFO - c2 sent 680 frames
2026-06-10 14:01:17,257 - camera_manager - INFO - Sending frame from c2
2026-06-10 14:01:17,398 - camera_manager - INFO - Sending frame from c2
2026-06-10 14:01:17,542 - camera_manager - INFO - Sending frame from c2
2026-06-10 14:01:17,669 - camera_manager - INFO - Sending frame from c2
2026-06-10 14:01:17,820 - camera_manager - INFO - Sending frame from c2
2026-06-10 14:01:17,939 - camera_manager - INFO - Sending frame from c2
2026-06-10 14:01:18,083 - camera_manager - INFO - Sending frame from c2
2026-06-10 14:01:18,227 - camera_manager - INFO - Sending frame from c2
2026-06-10 14:01:18,362 - camera_manager - INFO - Sending frame from c2
2026-06-10 14:01:18,505 - camera_manager - INFO - Sending frame from c2
2026-06-10 14:01:18,641 - camera_manager - INFO - Sending frame from c2
2026-06-10 14:01:18,777 - camera_manager - INFO - Sending frame from c2
2026-06-10 14:01:18,912 - camera_manager - INFO - Sending frame from c2
2026-06-10 14:01:19,068 - camera_manager - INFO - Sending frame from c2
2026-06-10 14:01:19,175 - camera_manager - INFO - Sending frame from c2
2026-06-10 14:01:19,336 - camera_manager - INFO - Sending frame from c2
2026-06-10 14:01:19,471 - camera_manager - INFO - Sending frame from c2
2026-06-10 14:01:19,602 - camera_manager - INFO - Sending frame from c2
2026-06-10 14:01:19,732 - camera_manager - INFO - Sending frame from c2
2026-06-10 14:01:19,871 - camera_manager - INFO - Sending frame from c2
2026-06-10 14:01:19,871 - camera_manager - INFO - c2 sent 700 frames
2026-06-10 14:01:20,004 - camera_manager - INFO - Sending frame from c2
2026-06-10 14:01:20,165 - camera_manager - INFO - Sending frame from c2
2026-06-10 14:01:20,282 - camera_manager - INFO - Sending frame from c2
2026-06-10 14:01:20,412 - camera_manager - INFO - Sending frame from c2
2026-06-10 14:01:20,553 - camera_manager - INFO - Sending frame from c2
2026-06-10 14:01:20,692 - camera_manager - INFO - Sending frame from c2
2026-06-10 14:01:20,821 - camera_manager - INFO - Sending frame from c2
2026-06-10 14:01:20,951 - camera_manager - INFO - Sending frame from c2
2026-06-10 14:01:21,089 - camera_manager - INFO - Sending frame from c2
2026-06-10 14:01:21,226 - camera_manager - INFO - Sending frame from c2
2026-06-10 14:01:21,384 - camera_manager - INFO - Sending frame from c2
2026-06-10 14:01:21,504 - camera_manager - INFO - Sending frame from c2
2026-06-10 14:01:21,636 - camera_manager - INFO - Sending frame from c2
2026-06-10 14:01:21,770 - camera_manager - INFO - Sending frame from c2
2026-06-10 14:01:21,908 - camera_manager - INFO - Sending frame from c2
2026-06-10 14:01:22,051 - camera_manager - INFO - Sending frame from c2
2026-06-10 14:01:22,201 - camera_manager - INFO - Sending frame from c2
2026-06-10 14:01:22,339 - camera_manager - INFO - Sending frame from c2
2026-06-10 14:01:22,482 - camera_manager - INFO - Sending frame from c2
2026-06-10 14:01:22,603 - camera_manager - INFO - Sending frame from c2
2026-06-10 14:01:22,603 - camera_manager - INFO - c2 sent 720 frames
2026-06-10 14:01:22,736 - camera_manager - INFO - Sending frame from c2
2026-06-10 14:01:22,877 - camera_manager - INFO - Sending frame from c2
2026-06-10 14:01:23,023 - camera_manager - INFO - Sending frame from c2
2026-06-10 14:01:23,161 - camera_manager - INFO - Sending frame from c2
2026-06-10 14:01:23,314 - camera_manager - INFO - Sending frame from c2
2026-06-10 14:01:23,464 - camera_manager - INFO - Sending frame from c2
2026-06-10 14:01:23,634 - camera_manager - INFO - Sending frame from c2
2026-06-10 14:01:23,739 - camera_manager - INFO - Sending frame from c2
2026-06-10 14:01:23,881 - camera_manager - INFO - Sending frame from c2
2026-06-10 14:01:24,024 - camera_manager - INFO - Sending frame from c2
2026-06-10 14:01:24,180 - camera_manager - INFO - Sending frame from c2
2026-06-10 14:01:24,315 - camera_manager - INFO - Sending frame from c2
2026-06-10 14:01:24,457 - camera_manager - INFO - Sending frame from c2
2026-06-10 14:01:24,605 - camera_manager - INFO - Sending frame from c2
2026-06-10 14:01:24,733 - camera_manager - INFO - Sending frame from c2
2026-06-10 14:01:24,878 - camera_manager - INFO - Sending frame from c2
2026-06-10 14:01:25,018 - camera_manager - INFO - Sending frame from c2
2026-06-10 14:01:25,142 - camera_manager - INFO - Sending frame from c2
2026-06-10 14:01:25,286 - camera_manager - INFO - Sending frame from c2
2026-06-10 14:01:25,428 - camera_manager - INFO - Sending frame from c2
2026-06-10 14:01:25,428 - camera_manager - INFO - c2 sent 740 frames
2026-06-10 14:01:25,567 - camera_manager - INFO - Sending frame from c2
2026-06-10 14:01:25,710 - camera_manager - INFO - Sending frame from c2
2026-06-10 14:01:25,841 - camera_manager - INFO - Sending frame from c2
2026-06-10 14:01:25,977 - camera_manager - INFO - Sending frame from c2
2026-06-10 14:01:26,130 - camera_manager - INFO - Sending frame from c2
2026-06-10 14:01:26,260 - camera_manager - INFO - Sending frame from c2
2026-06-10 14:01:26,379 - camera_manager - INFO - Sending frame from c2
2026-06-10 14:01:26,525 - camera_manager - INFO - Sending frame from c2
2026-06-10 14:01:26,659 - camera_manager - INFO - Sending frame from c2
2026-06-10 14:01:26,801 - camera_manager - INFO - Sending frame from c2
2026-06-10 14:01:26,931 - camera_manager - INFO - Sending frame from c2
2026-06-10 14:01:27,069 - camera_manager - INFO - Sending frame from c2
2026-06-10 14:01:27,209 - camera_manager - INFO - Sending frame from c2
2026-06-10 14:01:27,349 - camera_manager - INFO - Sending frame from c2
2026-06-10 14:01:27,475 - camera_manager - INFO - Sending frame from c2
2026-06-10 14:01:27,618 - camera_manager - INFO - Sending frame from c2
2026-06-10 14:01:27,750 - camera_manager - INFO - Sending frame from c2
2026-06-10 14:01:27,878 - camera_manager - INFO - Sending frame from c2
2026-06-10 14:01:28,034 - camera_manager - INFO - Sending frame from c2
2026-06-10 14:01:28,184 - camera_manager - INFO - Sending frame from c2
2026-06-10 14:01:28,184 - camera_manager - INFO - c2 sent 760 frames
2026-06-10 14:01:28,314 - camera_manager - INFO - Sending frame from c2
2026-06-10 14:01:28,465 - camera_manager - INFO - Sending frame from c2
2026-06-10 14:01:28,589 - camera_manager - INFO - Sending frame from c2
2026-06-10 14:01:28,716 - camera_manager - INFO - Sending frame from c2
2026-06-10 14:01:28,846 - camera_manager - INFO - Sending frame from c2
2026-06-10 14:01:28,991 - camera_manager - INFO - Sending frame from c2
2026-06-10 14:01:29,128 - camera_manager - INFO - Sending frame from c2
2026-06-10 14:01:29,277 - camera_manager - INFO - Sending frame from c2
2026-06-10 14:01:29,424 - camera_manager - INFO - Sending frame from c2
2026-06-10 14:01:29,567 - camera_manager - INFO - Sending frame from c2
2026-06-10 14:01:29,722 - camera_manager - INFO - Sending frame from c2
2026-06-10 14:01:29,833 - camera_manager - INFO - Sending frame from c2
2026-06-10 14:01:29,975 - camera_manager - INFO - Sending frame from c2
2026-06-10 14:01:30,112 - camera_manager - INFO - Sending frame from c2
2026-06-10 14:01:30,252 - camera_manager - INFO - Sending frame from c2
2026-06-10 14:01:30,416 - camera_manager - INFO - Sending frame from c2
2026-06-10 14:01:30,556 - camera_manager - INFO - Sending frame from c2
2026-06-10 14:01:30,682 - camera_manager - INFO - Sending frame from c2
2026-06-10 14:01:30,833 - camera_manager - INFO - Sending frame from c2
2026-06-10 14:01:30,959 - camera_manager - INFO - Sending frame from c2
2026-06-10 14:01:30,959 - camera_manager - INFO - c2 sent 780 frames
2026-06-10 14:01:31,099 - camera_manager - INFO - Sending frame from c2
2026-06-10 14:01:31,242 - camera_manager - INFO - Sending frame from c2
2026-06-10 14:01:31,377 - camera_manager - INFO - Sending frame from c2
2026-06-10 14:01:31,522 - camera_manager - INFO - Sending frame from c2
2026-06-10 14:01:31,652 - camera_manager - INFO - Sending frame from c2
2026-06-10 14:01:31,783 - camera_manager - INFO - Sending frame from c2
2026-06-10 14:01:31,926 - camera_manager - INFO - Sending frame from c2
2026-06-10 14:01:32,054 - camera_manager - INFO - Sending frame from c2
2026-06-10 14:01:32,198 - camera_manager - INFO - Sending frame from c2
2026-06-10 14:01:32,322 - camera_manager - INFO - Sending frame from c2
2026-06-10 14:01:32,455 - camera_manager - INFO - Sending frame from c2
2026-06-10 14:01:32,598 - camera_manager - INFO - Sending frame from c2
2026-06-10 14:01:32,730 - camera_manager - INFO - Sending frame from c2
2026-06-10 14:01:32,866 - camera_manager - INFO - Sending frame from c2
2026-06-10 14:01:33,002 - camera_manager - INFO - Sending frame from c2
2026-06-10 14:01:33,150 - camera_manager - INFO - Sending frame from c2
2026-06-10 14:01:33,292 - camera_manager - INFO - Sending frame from c2
2026-06-10 14:01:33,426 - camera_manager - INFO - Sending frame from c2
2026-06-10 14:01:33,563 - camera_manager - INFO - Sending frame from c2
2026-06-10 14:01:33,699 - camera_manager - INFO - Sending frame from c2
2026-06-10 14:01:33,699 - camera_manager - INFO - c2 sent 800 frames
2026-06-10 14:01:33,833 - camera_manager - INFO - Sending frame from c2
2026-06-10 14:01:33,957 - camera_manager - INFO - Sending frame from c2
2026-06-10 14:01:34,100 - camera_manager - INFO - Sending frame from c2
2026-06-10 14:01:34,237 - camera_manager - INFO - Sending frame from c2
2026-06-10 14:01:34,385 - camera_manager - INFO - Sending frame from c2
2026-06-10 14:01:34,532 - camera_manager - INFO - Sending frame from c2
2026-06-10 14:01:34,663 - camera_manager - INFO - Sending frame from c2
2026-06-10 14:01:34,798 - camera_manager - INFO - Sending frame from c2
2026-06-10 14:01:34,929 - camera_manager - INFO - Sending frame from c2
2026-06-10 14:01:35,054 - camera_manager - INFO - Sending frame from c2
2026-06-10 14:01:35,192 - camera_manager - INFO - Sending frame from c2
2026-06-10 14:01:35,335 - camera_manager - INFO - Sending frame from c2
2026-06-10 14:01:35,474 - camera_manager - INFO - Sending frame from c2
2026-06-10 14:01:35,619 - camera_manager - INFO - Sending frame from c2
2026-06-10 14:01:35,729 - camera_manager - INFO - Sending frame from c2
2026-06-10 14:01:35,862 - camera_manager - INFO - Sending frame from c2
2026-06-10 14:01:36,003 - camera_manager - INFO - Sending frame from c2
2026-06-10 14:01:36,158 - camera_manager - INFO - Sending frame from c2
2026-06-10 14:01:36,307 - camera_manager - INFO - Sending frame from c2
2026-06-10 14:01:36,447 - camera_manager - INFO - Sending frame from c2
2026-06-10 14:01:36,447 - camera_manager - INFO - c2 sent 820 frames
2026-06-10 14:01:36,584 - camera_manager - INFO - Sending frame from c2
2026-06-10 14:01:36,714 - camera_manager - INFO - Sending frame from c2
2026-06-10 14:01:36,869 - camera_manager - INFO - Sending frame from c2
2026-06-10 14:01:36,987 - camera_manager - INFO - Sending frame from c2
2026-06-10 14:01:37,132 - camera_manager - INFO - Sending frame from c2
2026-06-10 14:01:37,268 - camera_manager - INFO - Sending frame from c2
2026-06-10 14:01:37,412 - camera_manager - INFO - Sending frame from c2
2026-06-10 14:01:37,557 - camera_manager - INFO - Sending frame from c2
2026-06-10 14:01:37,698 - camera_manager - INFO - Sending frame from c2
2026-06-10 14:01:37,829 - camera_manager - INFO - Sending frame from c2
2026-06-10 14:01:37,987 - camera_manager - INFO - Sending frame from c2
2026-06-10 14:01:38,117 - camera_manager - INFO - Sending frame from c2
2026-06-10 14:01:38,254 - camera_manager - INFO - Sending frame from c2
2026-06-10 14:01:38,378 - camera_manager - INFO - Sending frame from c2
2026-06-10 14:01:38,520 - camera_manager - INFO - Sending frame from c2
2026-06-10 14:01:38,666 - camera_manager - INFO - Sending frame from c2
2026-06-10 14:01:38,797 - camera_manager - INFO - Sending frame from c2
2026-06-10 14:01:38,926 - camera_manager - INFO - Sending frame from c2
2026-06-10 14:01:39,065 - camera_manager - INFO - Sending frame from c2
2026-06-10 14:01:39,221 - camera_manager - INFO - Sending frame from c2
2026-06-10 14:01:39,221 - camera_manager - INFO - c2 sent 840 frames
2026-06-10 14:01:39,330 - camera_manager - INFO - Sending frame from c2
2026-06-10 14:01:39,472 - camera_manager - INFO - Sending frame from c2
2026-06-10 14:01:39,612 - camera_manager - INFO - Sending frame from c2
2026-06-10 14:01:39,747 - camera_manager - INFO - Sending frame from c2
2026-06-10 14:01:39,885 - camera_manager - INFO - Sending frame from c2
2026-06-10 14:01:40,020 - camera_manager - INFO - Sending frame from c2
2026-06-10 14:01:40,163 - camera_manager - INFO - Sending frame from c2
2026-06-10 14:01:40,317 - camera_manager - INFO - Sending frame from c2
2026-06-10 14:01:40,455 - camera_manager - INFO - Sending frame from c2
2026-06-10 14:01:40,578 - camera_manager - INFO - Sending frame from c2
2026-06-10 14:01:40,720 - camera_manager - INFO - Sending frame from c2
2026-06-10 14:01:40,848 - camera_manager - INFO - Sending frame from c2
2026-06-10 14:01:40,994 - camera_manager - INFO - Sending frame from c2
2026-06-10 14:01:41,135 - camera_manager - INFO - Sending frame from c2
2026-06-10 14:01:41,283 - camera_manager - INFO - Sending frame from c2
2026-06-10 14:01:41,428 - camera_manager - INFO - Sending frame from c2
2026-06-10 14:01:41,564 - camera_manager - INFO - Sending frame from c2
2026-06-10 14:01:41,692 - camera_manager - INFO - Sending frame from c2
2026-06-10 14:01:41,828 - camera_manager - INFO - Sending frame from c2
2026-06-10 14:01:41,971 - camera_manager - INFO - Sending frame from c2
2026-06-10 14:01:41,971 - camera_manager - INFO - c2 sent 860 frames
2026-06-10 14:01:42,113 - camera_manager - INFO - Sending frame from c2
2026-06-10 14:01:42,261 - camera_manager - INFO - Sending frame from c2
2026-06-10 14:01:42,392 - camera_manager - INFO - Sending frame from c2
2026-06-10 14:01:42,534 - camera_manager - INFO - Sending frame from c2
2026-06-10 14:01:42,704 - camera_manager - INFO - Sending frame from c2
2026-06-10 14:01:42,812 - camera_manager - INFO - Sending frame from c2
2026-06-10 14:01:42,953 - camera_manager - INFO - Sending frame from c2
2026-06-10 14:01:43,103 - camera_manager - INFO - Sending frame from c2
2026-06-10 14:01:43,254 - camera_manager - INFO - Sending frame from c2
2026-06-10 14:01:43,399 - camera_manager - INFO - Sending frame from c2
2026-06-10 14:01:43,540 - camera_manager - INFO - Sending frame from c2
2026-06-10 14:01:43,679 - camera_manager - INFO - Sending frame from c2
2026-06-10 14:01:43,815 - camera_manager - INFO - Sending frame from c2
2026-06-10 14:01:43,944 - camera_manager - INFO - Sending frame from c2
2026-06-10 14:01:44,083 - camera_manager - INFO - Sending frame from c2
2026-06-10 14:01:44,224 - camera_manager - INFO - Sending frame from c2
2026-06-10 14:01:44,362 - camera_manager - INFO - Sending frame from c2
2026-06-10 14:01:44,516 - camera_manager - INFO - Sending frame from c2
2026-06-10 14:01:44,649 - camera_manager - INFO - Sending frame from c2
2026-06-10 14:01:44,780 - camera_manager - INFO - Sending frame from c2
2026-06-10 14:01:44,780 - camera_manager - INFO - c2 sent 880 frames
2026-06-10 14:01:44,913 - camera_manager - INFO - Sending frame from c2
2026-06-10 14:01:45,059 - camera_manager - INFO - Sending frame from c2
2026-06-10 14:01:45,192 - camera_manager - INFO - Sending frame from c2
2026-06-10 14:01:45,330 - camera_manager - INFO - Sending frame from c2
2026-06-10 14:01:45,472 - camera_manager - INFO - Sending frame from c2
2026-06-10 14:01:45,611 - camera_manager - INFO - Sending frame from c2
2026-06-10 14:01:45,747 - camera_manager - INFO - Sending frame from c2
2026-06-10 14:01:45,875 - camera_manager - INFO - Sending frame from c2
2026-06-10 14:01:46,021 - camera_manager - INFO - Sending frame from c2
2026-06-10 14:01:46,169 - camera_manager - INFO - Sending frame from c2
2026-06-10 14:01:46,296 - camera_manager - INFO - Sending frame from c2
2026-06-10 14:01:46,424 - camera_manager - INFO - Sending frame from c2
2026-06-10 14:01:46,564 - camera_manager - INFO - Sending frame from c2
2026-06-10 14:01:46,694 - camera_manager - INFO - Sending frame from c2
2026-06-10 14:01:46,837 - camera_manager - INFO - Sending frame from c2
2026-06-10 14:01:46,963 - camera_manager - INFO - Sending frame from c2
2026-06-10 14:01:47,097 - camera_manager - INFO - Sending frame from c2
2026-06-10 14:01:47,243 - camera_manager - INFO - Sending frame from c2
2026-06-10 14:01:47,391 - camera_manager - INFO - Sending frame from c2
2026-06-10 14:01:47,519 - camera_manager - INFO - Sending frame from c2
2026-06-10 14:01:47,519 - camera_manager - INFO - c2 sent 900 frames
2026-06-10 14:01:47,658 - camera_manager - INFO - Sending frame from c2
2026-06-10 14:01:47,793 - camera_manager - INFO - Sending frame from c2
2026-06-10 14:01:47,926 - camera_manager - INFO - Sending frame from c2
2026-06-10 14:01:48,071 - camera_manager - INFO - Sending frame from c2
2026-06-10 14:01:48,206 - camera_manager - INFO - Sending frame from c2
2026-06-10 14:01:48,348 - camera_manager - INFO - Sending frame from c2
2026-06-10 14:01:48,513 - camera_manager - INFO - Sending frame from c2
2026-06-10 14:01:48,627 - camera_manager - INFO - Sending frame from c2
2026-06-10 14:01:48,752 - camera_manager - INFO - Sending frame from c2
2026-06-10 14:01:48,887 - camera_manager - INFO - Sending frame from c2
2026-06-10 14:01:49,020 - camera_manager - WARNING - c2 stream ended
2026-06-10 14:01:49,027 - camera_manager - INFO - c2 finished
